\BOOKMARK [1][-]{section.1}{\376\377\000I\000n\000t\000r\000o\000d\000u\000z\000i\000o\000n\000e}{}% 1
\BOOKMARK [2][-]{subsection.1.1}{\376\377\000C\000a\000r\000a\000t\000t\000e\000r\000i\000s\000t\000i\000c\000h\000e\000\040\000e\000\040\000l\000e\000g\000a\000m\000i\000\040\000d\000e\000l\000l\040\031\000i\000n\000g\000e\000g\000n\000e\000r\000i\000a\000\040\000d\000e\000l\000\040\000s\000o\000f\000t\000w\000a\000r\000e}{section.1}% 2
\BOOKMARK [2][-]{subsection.1.2}{\376\377\000I\000n\000g\000e\000g\000n\000e\000r\000i\000a\000\040\000d\000e\000l\000\040\000S\000o\000f\000t\000w\000a\000r\000e\000\040\000e\000\040\000R\000i\000s\000o\000l\000u\000z\000i\000o\000n\000e\000\040\000d\000e\000i\000\040\000P\000r\000o\000b\000l\000e\000m\000i}{section.1}% 3
\BOOKMARK [2][-]{subsection.1.3}{\376\377\000R\000e\000l\000a\000z\000i\000o\000n\000i\000\040\000c\000o\000n\000\040\000A\000l\000t\000r\000e\000\040\000D\000i\000s\000c\000i\000p\000l\000i\000n\000e}{section.1}% 4
\BOOKMARK [2][-]{subsection.1.4}{\376\377\000P\000a\000r\000t\000i\000c\000o\000l\000a\000r\000i\000t\000\340\000\040\000d\000e\000l\000\040\000s\000o\000f\000t\000w\000a\000r\000e}{section.1}% 5
\BOOKMARK [2][-]{subsection.1.5}{\376\377\000A\000t\000t\000i\000v\000i\000t\000\340\000\040\000p\000r\000i\000n\000c\000i\000p\000a\000l\000i\000\040\000d\000e\000l\000l\040\031\000I\000n\000g\000e\000g\000n\000e\000r\000i\000a\000\040\000d\000e\000l\000\040\000s\000o\000f\000t\000w\000a\000r\000e}{section.1}% 6
\BOOKMARK [2][-]{subsection.1.6}{\376\377\000P\000r\000o\000p\000r\000i\000e\000t\000\340\000\040\000d\000e\000l\000\040\000S\000o\000f\000t\000w\000a\000r\000e}{section.1}% 7
\BOOKMARK [2][-]{subsection.1.7}{\376\377\000C\000a\000p\000a\000c\000i\000t\000\340\000\040\000n\000e\000c\000e\000s\000s\000a\000r\000i\000e\000\040\000p\000e\000r\000\040\000l\000o\000\040\000s\000v\000i\000l\000u\000p\000p\000o\000\040\000d\000i\000\040\000s\000o\000f\000t\000w\000a\000r\000e}{section.1}% 8
\BOOKMARK [2][-]{subsection.1.8}{\376\377\000C\000a\000p\000a\000c\000i\000t\000\340\000\040\000e\000\040\000C\000o\000n\000o\000s\000c\000e\000n\000z\000e\000\040\000d\000e\000l\000l\040\031\000I\000n\000g\000e\000g\000n\000e\000r\000e\000\040\000d\000e\000l\000\040\000s\000o\000f\000t\000w\000a\000r\000e}{section.1}% 9
\BOOKMARK [2][-]{subsection.1.9}{\376\377\000R\000u\000o\000l\000i\000\040\000n\000e\000l\000l\000o\000\040\000s\000v\000i\000l\000u\000p\000p\000o\000\040\000d\000e\000l\000\040\000s\000o\000f\000t\000w\000a\000r\000e}{section.1}% 10
\BOOKMARK [2][-]{subsection.1.10}{\376\377\000R\000e\000s\000p\000o\000n\000s\000a\000b\000i\000l\000i\000t\000\340\000\040\000p\000r\000o\000f\000e\000s\000s\000i\000o\000n\000a\000l\000e\000\040\000e\000d\000\040\000e\000t\000i\000c\000a}{section.1}% 11
\BOOKMARK [2][-]{subsection.1.11}{\376\377\000S\000i\000s\000t\000e\000m\000i\000\040\000s\000o\000f\000t\000w\000a\000r\000e}{section.1}% 12
\BOOKMARK [2][-]{subsection.1.12}{\376\377\000S\000t\000i\000m\000a\000\040\000d\000e\000i\000\040\000C\000o\000s\000t\000i\000\040\000d\000e\000l\000\040\000S\000o\000f\000t\000w\000a\000r\000e}{section.1}% 13
\BOOKMARK [2][-]{subsection.1.13}{\376\377\000D\000o\000m\000i\000n\000i\000o\000\040\000a\000p\000p\000l\000i\000c\000a\000t\000i\000v\000o\000\040\000o\000\040\000d\000e\000l\000\040\000p\000r\000o\000b\000l\000e\000m\000a}{section.1}% 14
\BOOKMARK [2][-]{subsection.1.14}{\376\377\000C\000i\000c\000l\000o\000\040\000d\000i\000\040\000v\000i\000t\000a\000\040\000d\000i\000\040\000u\000n\000\040\000s\000i\000s\000t\000e\000m\000a\000\040\000s\000o\000f\000t\000w\000a\000r\000e}{section.1}% 15
\BOOKMARK [2][-]{subsection.1.15}{\376\377\000D\000i\000f\000f\000i\000c\000o\000l\000t\000\340\000\040\000d\000e\000l\000l\000o\000\040\000s\000v\000i\000l\000u\000p\000p\000o\000\040\000d\000e\000l\000\040\000s\000o\000f\000t\000w\000a\000r\000e}{section.1}% 16
\BOOKMARK [2][-]{subsection.1.16}{\376\377\000R\000i\000c\000h\000i\000e\000s\000t\000e\000\040\000p\000i\000\371\000\040\000f\000r\000e\000q\000u\000e\000n\000t\000i}{section.1}% 17
\BOOKMARK [2][-]{subsection.1.17}{\376\377\000P\000r\000o\000b\000l\000e\000m\000i\000\040\000t\000i\000p\000i\000c\000i}{section.1}% 18
\BOOKMARK [2][-]{subsection.1.18}{\376\377\000S\000f\000i\000d\000e\000\040\000d\000e\000l\000l\040\031\000I\000n\000g\000e\000g\000n\000e\000r\000i\000a\000\040\000d\000e\000l\000\040\000s\000o\000f\000t\000w\000a\000r\000e}{section.1}% 19
\BOOKMARK [2][-]{subsection.1.19}{\376\377\000S\000t\000a\000k\000e\000h\000o\000l\000d\000e\000r}{section.1}% 20
\BOOKMARK [2][-]{subsection.1.20}{\376\377\000O\000b\000i\000e\000t\000t\000i\000v\000i\000\040\000d\000e\000g\000l\000i\000\040\000S\000t\000a\000k\000e\000h\000o\000l\000d\000e\000r}{section.1}% 21
\BOOKMARK [2][-]{subsection.1.21}{\376\377\000T\000i\000p\000i\000\040\000d\000i\000\040\000s\000i\000s\000t\000e\000m\000a\000\040\000s\000o\000f\000t\000w\000a\000r\000e}{section.1}% 22
\BOOKMARK [1][-]{section.2}{\376\377\000A\000t\000t\000i\000v\000i\000t\000\340\000\040\000s\000o\000f\000t\000w\000a\000r\000e\000\040\000d\000i\000\040\000b\000a\000s\000e}{}% 23
\BOOKMARK [2][-]{subsection.2.1}{\376\377\000P\000r\000o\000p\000r\000i\000e\000t\000\340\000\040\000d\000e\000l\000\040\000B\000u\000o\000n\000\040\000S\000o\000f\000t\000w\000a\000r\000e}{section.2}% 24
\BOOKMARK [2][-]{subsection.2.2}{\376\377\000L\000e\000g\000g\000e\000\040\000s\000u\000g\000l\000i\000\040\000S\000t\000a\000n\000d\000a\000r\000d\000\040\000d\000i\000\040\000A\000m\000b\000l\000e\000r}{section.2}% 25
\BOOKMARK [2][-]{subsection.2.3}{\376\377\000C\000o\000n\000v\000e\000n\000z\000i\000o\000n\000i\000\040\000d\000i\000\040\000C\000o\000d\000i\000f\000i\000c\000a\000\040\000d\000e\000i\000\040\000N\000o\000m\000i}{section.2}% 26
\BOOKMARK [2][-]{subsection.2.4}{\376\377\000G\000e\000s\000t\000i\000o\000n\000e\000\040\000d\000e\000g\000l\000i\000\040\000E\000r\000r\000o\000r\000i}{section.2}% 27
\BOOKMARK [2][-]{subsection.2.5}{\376\377\000D\000i\000s\000t\000r\000i\000b\000u\000z\000i\000o\000n\000e\000\040\000S\000t\000a\000t\000i\000s\000t\000i\000c\000a\000\040\000d\000e\000g\000l\000i\000\040\000E\000r\000r\000o\000r\000i}{section.2}% 28
\BOOKMARK [2][-]{subsection.2.6}{\376\377\000F\000o\000n\000t\000i\000\040\000d\000e\000g\000l\000i\000\040\000E\000r\000r\000o\000r\000i}{section.2}% 29
\BOOKMARK [2][-]{subsection.2.7}{\376\377\000D\000i\000f\000f\000i\000c\000o\000l\000t\000\340\000\040\000n\000e\000l\000\040\000R\000i\000c\000o\000n\000o\000s\000c\000e\000r\000e\000\040\000g\000l\000i\000\040\000E\000r\000r\000o\000r\000i}{section.2}% 30
\BOOKMARK [2][-]{subsection.2.8}{\376\377\000P\000a\000s\000s\000i\000\040\000p\000e\000r\000\040\000C\000o\000r\000r\000e\000g\000g\000e\000r\000e\000\040\000u\000n\000\040\000E\000r\000r\000o\000r\000e}{section.2}% 31
\BOOKMARK [2][-]{subsection.2.9}{\376\377\000U\000s\000o\000\040\000d\000i\000\040\000I\000s\000t\000r\000u\000z\000i\000o\000n\000i\000\040\000d\000i\000\040\000S\000t\000a\000m\000p\000a}{section.2}% 32
\BOOKMARK [2][-]{subsection.2.10}{\376\377\000S\000t\000r\000u\000m\000e\000n\000t\000i\000\040\000a\000\040\000S\000u\000p\000p\000o\000r\000t\000o\000\040\000d\000e\000l\000l\000a\000\040\000C\000o\000r\000r\000e\000z\000i\000o\000n\000e\000\040\000d\000i\000\040\000E\000r\000r\000o\000r\000i}{section.2}% 33
\BOOKMARK [2][-]{subsection.2.11}{\376\377\000T\000e\000c\000n\000i\000c\000h\000e\000\040\000P\000r\000i\000n\000c\000i\000p\000a\000l\000i\000\040\000d\000i\000\040\000A\000n\000a\000l\000i\000s\000i\000\040\000S\000t\000a\000t\000i\000c\000a}{section.2}% 34
\BOOKMARK [2][-]{subsection.2.12}{\376\377\000T\000e\000s\000t\000i\000n\000g}{section.2}% 35
\BOOKMARK [1][-]{section.3}{\376\377\000P\000r\000o\000c\000e\000s\000s\000i\000\040\000s\000o\000f\000t\000w\000a\000r\000e}{}% 36
\BOOKMARK [2][-]{subsection.3.1}{\376\377\000P\000r\000o\000c\000e\000s\000s\000i\000\040\000e\000\040\000m\000o\000d\000e\000l\000l\000i\000\040\000d\000i\000\040\000p\000r\000o\000c\000e\000s\000s\000i\000\040\000s\000o\000f\000t\000w\000a\000r\000e}{section.3}% 37
\BOOKMARK [2][-]{subsection.3.2}{\376\377\000S\000t\000u\000d\000i\000o\000\040\000d\000i\000\040\000f\000a\000t\000t\000i\000b\000i\000l\000i\000t\000\340}{section.3}% 38
\BOOKMARK [2][-]{subsection.3.3}{\376\377\000M\000o\000d\000e\000l\000l\000o\000\040\000a\000\040\000c\000a\000s\000c\000a\000t\000a}{section.3}% 39
\BOOKMARK [2][-]{subsection.3.4}{\376\377\000M\000o\000d\000e\000l\000l\000o\000\040\000S\000v\000i\000l\000u\000p\000p\000o\000\040\000I\000n\000c\000r\000e\000m\000e\000n\000t\000a\000l\000e\000\040\000-\000\040\000S\000v\000i\000l\000u\000p\000p\000o\000\040\000I\000n\000c\000r\000e\000m\000e\000n\000t\000a\000l\000e}{section.3}% 40
\BOOKMARK [2][-]{subsection.3.5}{\376\377\000M\000o\000d\000e\000l\000l\000o\000\040\000I\000n\000t\000e\000g\000r\000a\000z\000i\000o\000n\000e\000\040\000e\000\040\000C\000o\000n\000f\000i\000g\000u\000r\000a\000z\000i\000o\000n\000e}{section.3}% 41
\BOOKMARK [2][-]{subsection.3.6}{\376\377\000D\000i\000s\000t\000r\000i\000b\000u\000z\000i\000o\000n\000e\000\040\000d\000e\000i\000\040\000C\000o\000s\000t\000i\000\040\000d\000i\000\040\000S\000v\000i\000l\000u\000p\000p\000o}{section.3}% 42
\BOOKMARK [1][-]{section.4}{\376\377\000I\000n\000g\000e\000g\000n\000e\000r\000i\000a\000\040\000d\000e\000i\000\040\000r\000e\000q\000u\000i\000s\000i\000t\000i}{}% 43
\BOOKMARK [2][-]{subsection.4.1}{\376\377\000D\000e\000f\000i\000n\000i\000z\000i\000o\000n\000e\000\040\000d\000i\000\040\000I\000n\000g\000e\000g\000n\000e\000r\000i\000a\000\040\000d\000e\000i\000\040\000R\000e\000q\000u\000i\000s\000i\000t\000i}{section.4}% 44
\BOOKMARK [2][-]{subsection.4.2}{\376\377\000D\000e\000f\000i\000n\000i\000z\000i\000o\000n\000e\000\040\000e\000\040\000a\000s\000t\000r\000a\000z\000i\000o\000n\000e\000\040\000d\000e\000i\000\040\000r\000e\000q\000u\000i\000s\000i\000t\000i}{section.4}% 45
\BOOKMARK [2][-]{subsection.4.3}{\376\377\000R\000e\000q\000u\000i\000s\000i\000t\000i\000\040\000d\000e\000l\000l\040\031\000U\000t\000e\000n\000t\000e\000\040\000e\000\040\000d\000e\000l\000\040\000S\000i\000s\000t\000e\000m\000a}{section.4}% 46
\BOOKMARK [2][-]{subsection.4.4}{\376\377\000I\000m\000p\000r\000e\000c\000i\000s\000i\000o\000n\000e\000\040\000d\000e\000i\000\040\000R\000e\000q\000u\000i\000s\000i\000t\000i}{section.4}% 47
\BOOKMARK [2][-]{subsection.4.5}{\376\377\000C\000o\000n\000s\000i\000s\000t\000e\000n\000z\000a\000\040\000e\000\040\000C\000o\000m\000p\000l\000e\000s\000s\000i\000t\000\340\000\040\000d\000e\000i\000\040\000R\000e\000q\000u\000i\000s\000i\000t\000i}{section.4}% 48
\BOOKMARK [2][-]{subsection.4.6}{\376\377\000T\000i\000p\000i\000\040\000d\000i\000\040\000R\000e\000q\000u\000i\000s\000i\000t\000i}{section.4}% 49
\BOOKMARK [2][-]{subsection.4.7}{\376\377\000C\000l\000a\000s\000s\000i\000f\000i\000c\000a\000z\000i\000o\000n\000e\000\040\000d\000e\000i\000\040\000R\000e\000q\000u\000i\000s\000i\000t\000i\000\040\000n\000o\000n\000\040\000F\000u\000n\000z\000i\000o\000n\000a\000l\000i}{section.4}% 50
\BOOKMARK [2][-]{subsection.4.8}{\376\377\000P\000r\000o\000c\000e\000s\000s\000i\000\040\000d\000e\000l\000l\040\031\000I\000n\000g\000e\000g\000n\000e\000r\000i\000a\000\040\000d\000e\000i\000\040\000R\000e\000q\000u\000i\000s\000i\000t\000i}{section.4}% 51
\BOOKMARK [2][-]{subsection.4.9}{\376\377\000R\000a\000c\000c\000o\000l\000t\000a\000\040\000d\000e\000i\000\040\000R\000e\000q\000u\000i\000s\000i\000t\000i\000\040\000e\000\040\000r\000e\000l\000a\000t\000i\000v\000i\000\040\000p\000r\000o\000b\000l\000e\000m\000i}{section.4}% 52
\BOOKMARK [2][-]{subsection.4.10}{\376\377\000S\000p\000e\000c\000i\000f\000i\000c\000a\000\040\000d\000e\000i\000\040\000R\000e\000q\000u\000i\000s\000i\000t\000i}{section.4}% 53
\BOOKMARK [2][-]{subsection.4.11}{\376\377\000S\000p\000e\000c\000i\000f\000i\000c\000h\000e\000\040\000B\000a\000s\000a\000t\000e\000\040\000s\000u\000i\000\040\000M\000o\000d\000u\000l\000i}{section.4}% 54
\BOOKMARK [2][-]{subsection.4.12}{\376\377\000S\000p\000e\000c\000i\000f\000i\000c\000h\000e\000\040\000T\000a\000b\000u\000l\000a\000r\000i}{section.4}% 55
\BOOKMARK [2][-]{subsection.4.13}{\376\377\000D\000o\000c\000u\000m\000e\000n\000t\000o\000\040\000d\000e\000i\000\040\000R\000e\000q\000u\000i\000s\000i\000t\000i\000\040\000d\000e\000l\000\040\000S\000o\000f\000t\000w\000a\000r\000e}{section.4}% 56
\BOOKMARK [2][-]{subsection.4.14}{\376\377\000G\000e\000s\000t\000i\000o\000n\000e\000\040\000d\000e\000i\000\040\000R\000e\000q\000u\000i\000s\000i\000t\000i}{section.4}% 57
\BOOKMARK [2][-]{subsection.4.15}{\376\377\000M\000o\000d\000i\000f\000i\000c\000a\000\040\000d\000e\000i\000\040\000R\000e\000q\000u\000i\000s\000i\000t\000i}{section.4}% 58
\BOOKMARK [2][-]{subsection.4.16}{\376\377\000T\000r\000a\000c\000c\000i\000a\000b\000i\000l\000i\000t\000\340}{section.4}% 59
\BOOKMARK [1][-]{section.5}{\376\377\000S\000v\000i\000l\000u\000p\000p\000o\000\040\000d\000i\000\040\000s\000o\000f\000t\000w\000a\000r\000e\000\040\000a\000g\000i\000l\000e}{}% 60
\BOOKMARK [2][-]{subsection.5.1}{\376\377\000M\000e\000t\000o\000d\000o\000l\000o\000g\000i\000a\000\040\000A\000g\000i\000l\000e}{section.5}% 61
\BOOKMARK [2][-]{subsection.5.2}{\376\377\000E\000x\000t\000r\000e\000m\000e\000\040\000p\000r\000o\000g\000r\000a\000m\000m\000i\000n\000g\000\040\000\050\000X\000P\000\051}{section.5}% 62
\BOOKMARK [2][-]{subsection.5.3}{\376\377\000S\000v\000i\000l\000u\000p\000p\000o\000\040\000g\000u\000i\000d\000a\000t\000o\000\040\000d\000a\000i\000\040\000t\000e\000s\000t}{section.5}% 63
\BOOKMARK [2][-]{subsection.5.4}{\376\377\000P\000r\000o\000g\000r\000a\000m\000m\000a\000z\000i\000o\000n\000e\000\040\000a\000\040\000c\000o\000p\000p\000i\000e}{section.5}% 64
\BOOKMARK [2][-]{subsection.5.5}{\376\377\000M\000e\000t\000o\000d\000i\000\040\000a\000g\000i\000l\000i\000\040\000e\000\040\000m\000a\000n\000u\000t\000e\000n\000z\000i\000o\000n\000e\000\040\000d\000e\000l\000\040\000s\000o\000f\000t\000w\000a\000r\000e}{section.5}% 65
\BOOKMARK [2][-]{subsection.5.6}{\376\377\000S\000c\000e\000l\000t\000a\000\040\000t\000r\000a\000\040\000m\000e\000t\000o\000d\000i\000\040\000a\000g\000i\000l\000i\000\040\000e\000\040\000g\000u\000i\000d\000a\000t\000i\000\040\000d\000a\000i\000\040\000p\000i\000a\000n\000i}{section.5}% 66
\BOOKMARK [2][-]{subsection.5.7}{\376\377\000C\000o\000i\000n\000v\000o\000l\000g\000i\000m\000e\000n\000t\000o\000\040\000d\000e\000l\000\040\000C\000l\000i\000e\000n\000t\000e}{section.5}% 67
\BOOKMARK [2][-]{subsection.5.8}{\376\377\000A\000u\000t\000o\000m\000a\000z\000i\000o\000n\000e\000\040\000d\000e\000i\000\040\000T\000e\000s\000t}{section.5}% 68
\BOOKMARK [2][-]{subsection.5.9}{\376\377\000R\000e\000f\000a\000c\000t\000o\000r\000i\000n\000g}{section.5}% 69
\BOOKMARK [2][-]{subsection.5.10}{\376\377\000P\000r\000o\000b\000l\000e\000m\000i\000\040\000p\000r\000a\000t\000i\000c\000i\000\040\000d\000e\000i\000\040\000m\000e\000t\000o\000d\000i\000\040\000a\000g\000i\000l\000i}{section.5}% 70
\BOOKMARK [2][-]{subsection.5.11}{\376\377\000M\000e\000t\000o\000d\000i\000\040\000a\000g\000i\000l\000i\000\040\000e\000\040\000m\000a\000n\000u\000t\000e\000n\000z\000i\000o\000n\000e\000\040\000d\000e\000l\000\040\000s\000o\000f\000t\000w\000a\000r\000e}{section.5}% 71
\BOOKMARK [2][-]{subsection.5.12}{\376\377\000P\000r\000o\000b\000l\000e\000m\000i\000\040\000c\000o\000n\000t\000r\000a\000t\000t\000u\000a\000l\000i}{section.5}% 72
\BOOKMARK [2][-]{subsection.5.13}{\376\377\000P\000r\000o\000b\000l\000e\000m\000i\000\040\000o\000r\000g\000a\000n\000i\000z\000z\000a\000t\000i\000v\000i}{section.5}% 73
\BOOKMARK [2][-]{subsection.5.14}{\376\377\000G\000e\000s\000t\000i\000o\000n\000e\000\040\000a\000g\000i\000l\000e\000\040\000d\000e\000i\000\040\000p\000r\000o\000g\000e\000t\000t\000i}{section.5}% 74
\BOOKMARK [2][-]{subsection.5.15}{\376\377\000S\000c\000r\000u\000m}{section.5}% 75
\BOOKMARK [2][-]{subsection.5.16}{\376\377\000S\000c\000a\000l\000a\000b\000i\000l\000i\000t\000\340\000\040\000d\000e\000i\000\040\000m\000e\000t\000o\000d\000i\000\040\000a\000g\000i\000l\000i}{section.5}% 76
\BOOKMARK [1][-]{section.6}{\376\377\000M\000o\000d\000e\000l\000l\000i\000\040\000d\000e\000i\000\040\000s\000i\000s\000t\000e\000m\000i\000\040\000e\000\040\000U\000M\000L}{}% 77
\BOOKMARK [2][-]{subsection.6.1}{\376\377\000M\000o\000d\000e\000l\000l\000a\000z\000i\000o\000n\000e\000\040\000d\000e\000l\000\040\000S\000i\000s\000t\000e\000m\000a}{section.6}% 78
\BOOKMARK [2][-]{subsection.6.2}{\376\377\000T\000i\000p\000i\000\040\000d\000i\000\040\000M\000o\000d\000e\000l\000l\000i}{section.6}% 79
\BOOKMARK [2][-]{subsection.6.3}{\376\377\000P\000r\000o\000s\000p\000e\000t\000t\000i\000v\000e\000\040\000d\000e\000i\000\040\000S\000i\000s\000t\000e\000m\000i\000\040\000S\000o\000f\000t\000w\000a\000r\000e}{section.6}% 80
\BOOKMARK [2][-]{subsection.6.4}{\376\377\000R\000i\000u\000s\000o\000\040\000e\000\040\000a\000t\000t\000i\000v\000i\000t\000\340\000\040\000n\000e\000l\000l\040\031\000a\000m\000b\000i\000t\000o\000\040\000d\000e\000i\000\040\000m\000o\000d\000e\000l\000l\000i}{section.6}% 81
\BOOKMARK [2][-]{subsection.6.5}{\376\377\000A\000t\000t\000i\000v\000i\000t\000\340\000\040\000n\000e\000l\000l\040\031\000A\000m\000b\000i\000t\000o\000\040\000d\000e\000i\000\040\000M\000o\000d\000e\000l\000l\000i}{section.6}% 82
\BOOKMARK [2][-]{subsection.6.6}{\376\377\000U\000M\000L}{section.6}% 83
\BOOKMARK [2][-]{subsection.6.7}{\376\377\000P\000r\000o\000p\000r\000i\000e\000t\000\340\000\040\000e\000d\000\040\000e\000l\000e\000m\000e\000n\000t\000i\000\040\000d\000e\000i\000\040\000d\000i\000a\000g\000r\000a\000m\000m\000i\000\040\000d\000e\000i\000\040\000c\000a\000s\000i\000\040\000d\040\031\000u\000s\000o}{section.6}% 84
\BOOKMARK [2][-]{subsection.6.8}{\376\377\000C\000l\000a\000s\000s\000i\000,\000\040\000i\000n\000t\000e\000r\000f\000a\000c\000c\000e\000\040\000e\000\040\000m\000o\000d\000i\000f\000i\000c\000a\000t\000o\000r\000i}{section.6}% 85
\BOOKMARK [2][-]{subsection.6.9}{\376\377\000D\000i\000a\000g\000r\000a\000m\000m\000a\000\040\000d\000i\000\040\000S\000e\000q\000u\000e\000n\000z\000a}{section.6}% 86
\BOOKMARK [2][-]{subsection.6.10}{\376\377\000D\000i\000a\000g\000r\000a\000m\000m\000a\000\040\000d\000e\000l\000l\000e\000\040\000A\000t\000t\000i\000v\000i\000t\000\340}{section.6}% 87
\BOOKMARK [2][-]{subsection.6.11}{\376\377\000D\000i\000a\000g\000r\000a\000m\000m\000a\000\040\000d\000e\000g\000l\000i\000\040\000S\000t\000a\000t\000i}{section.6}% 88
\BOOKMARK [2][-]{subsection.6.12}{\376\377\000D\000i\000a\000g\000r\000a\000m\000m\000a\000\040\000d\000e\000g\000l\000i\000\040\000O\000g\000g\000e\000t\000t\000i}{section.6}% 89
\BOOKMARK [2][-]{subsection.6.13}{\376\377\000D\000i\000a\000g\000r\000a\000m\000m\000a\000\040\000d\000e\000i\000\040\000C\000o\000m\000p\000o\000n\000e\000n\000t\000i}{section.6}% 90
\BOOKMARK [2][-]{subsection.6.14}{\376\377\000D\000i\000a\000g\000r\000a\000m\000m\000a\000\040\000d\000e\000l\000l\000e\000\040\000S\000t\000r\000u\000t\000t\000u\000r\000e\000\040\000C\000o\000m\000p\000o\000s\000i\000t\000e}{section.6}% 91
\BOOKMARK [2][-]{subsection.6.15}{\376\377\000D\000i\000a\000g\000r\000a\000m\000m\000a\000\040\000d\000e\000i\000\040\000P\000a\000c\000k\000a\000g\000e}{section.6}% 92
\BOOKMARK [2][-]{subsection.6.16}{\376\377\000D\000i\000a\000g\000r\000a\000m\000m\000a\000\040\000d\000i\000\040\000C\000o\000m\000u\000n\000i\000c\000a\000z\000i\000o\000n\000e}{section.6}% 93
\BOOKMARK [2][-]{subsection.6.17}{\376\377\000D\000i\000a\000g\000r\000a\000m\000m\000a\000\040\000d\000i\000\040\000T\000e\000m\000p\000o\000r\000i\000z\000z\000a\000z\000i\000o\000n\000e}{section.6}% 94
\BOOKMARK [2][-]{subsection.6.18}{\376\377\000D\000i\000a\000g\000r\000a\000m\000m\000a\000\040\000d\000i\000\040\000P\000a\000n\000o\000r\000a\000m\000i\000c\000a\000\040\000d\000e\000l\000l\040\031\000I\000n\000t\000e\000r\000a\000z\000i\000o\000n\000e}{section.6}% 95
\BOOKMARK [2][-]{subsection.6.19}{\376\377\000D\000i\000a\000g\000r\000a\000m\000m\000a\000\040\000d\000i\000\040\000D\000i\000s\000t\000r\000i\000b\000u\000z\000i\000o\000n\000e}{section.6}% 96
\BOOKMARK [2][-]{subsection.6.20}{\376\377\000D\000i\000a\000g\000r\000a\000m\000m\000a\000\040\000d\000i\000\040\000R\000o\000b\000u\000s\000t\000e\000z\000z\000a}{section.6}% 97
\BOOKMARK [2][-]{subsection.6.21}{\376\377\000T\000o\000o\000l\000\040\000p\000e\000r\000\040\000i\000l\000\040\000d\000i\000s\000e\000g\000n\000o\000\040\000d\000i\000\040\000d\000i\000a\000g\000r\000a\000m\000m\000i\000\040\000U\000M\000L}{section.6}% 98
\BOOKMARK [1][-]{section.7}{\376\377\000M\000o\000d\000e\000l\000l\000i\000\040\000e\000\040\000C\000l\000a\000s\000s\000i\000\040\000d\000i\000\040\000A\000n\000a\000l\000i\000s\000i}{}% 99
\BOOKMARK [2][-]{subsection.7.1}{\376\377\000M\000o\000d\000e\000l\000l\000o\000\040\000d\000i\000\040\000a\000n\000a\000l\000i\000s\000i\000\040\000d\000e\000i\000\040\000r\000e\000q\000u\000i\000s\000i\000t\000i}{section.7}% 100
\BOOKMARK [2][-]{subsection.7.2}{\376\377\000M\000o\000d\000e\000l\000l\000o\000\040\000d\000i\000\040\000a\000n\000a\000l\000i\000s\000i\000\040\000o\000r\000i\000e\000n\000t\000a\000t\000i\000\040\000a\000g\000l\000i\000\040\000o\000g\000g\000e\000t\000t\000i}{section.7}% 101
\BOOKMARK [2][-]{subsection.7.3}{\376\377\000C\000l\000a\000s\000s\000i\000\040\000d\000i\000\040\000a\000n\000a\000l\000i\000s\000i}{section.7}% 102
\BOOKMARK [2][-]{subsection.7.4}{\376\377\000C\000a\000t\000e\000g\000o\000r\000i\000e\000\040\000d\000e\000l\000l\000e\000\040\000c\000l\000a\000s\000s\000i\000\040\000d\000i\000\040\000a\000n\000a\000l\000i\000s\000i}{section.7}% 103
\BOOKMARK [2][-]{subsection.7.5}{\376\377\000T\000e\000c\000n\000i\000c\000h\000e\000\040\000d\000i\000\040\000i\000n\000d\000i\000v\000i\000d\000u\000a\000z\000i\000o\000n\000e\000\040\000d\000e\000l\000l\000e\000\040\000c\000l\000a\000s\000s\000i}{section.7}% 104
\BOOKMARK [2][-]{subsection.7.6}{\376\377\000E\000r\000r\000o\000r\000i\000\040\000C\000o\000m\000u\000n\000i\000\040\000d\000i\000\040\000A\000n\000a\000l\000i\000s\000i}{section.7}% 105
\BOOKMARK [2][-]{subsection.7.7}{\376\377\000D\000i\000a\000g\000r\000a\000m\000m\000a\000\040\000d\000e\000l\000l\000e\000\040\000C\000l\000a\000s\000s\000i\000:\000\040\000D\000e\000s\000c\000r\000i\000z\000i\000o\000n\000e\000\040\000d\000i\000\040\000u\000n\000\040\000a\000p\000p\000a\000r\000t\000a\000m\000e\000n\000t\000o}{section.7}% 106
\BOOKMARK [2][-]{subsection.7.8}{\376\377\000D\000i\000a\000g\000r\000a\000m\000m\000a\000\040\000d\000e\000l\000l\000e\000\040\000C\000l\000a\000s\000s\000i\000:\000\040\000P\000r\000e\000n\000o\000t\000a\000z\000i\000o\000n\000i\000\040\000O\000n\000l\000i\000n\000e}{section.7}% 107
\BOOKMARK [2][-]{subsection.7.9}{\376\377\000D\000i\000a\000g\000r\000a\000m\000m\000a\000\040\000d\000e\000l\000l\000e\000\040\000C\000l\000a\000s\000s\000i\000:\000\040\000O\000f\000f\000e\000r\000t\000a\000\040\000f\000o\000r\000m\000a\000t\000i\000v\000a\000\040\000d\000i\000\040\000u\000n\000a\000\040\000U\000n\000i\000v\000e\000r\000s\000i\000t\000\340}{section.7}% 108
\BOOKMARK [1][-]{section.8}{\376\377\000S\000c\000e\000n\000a\000r\000i\000\040\000e\000\040\000c\000a\000s\000i\000\040\000d\040\031\000u\000s\000o}{}% 109
\BOOKMARK [2][-]{subsection.8.1}{\376\377\000S\000t\000o\000r\000i\000e\000\040\000e\000\040\000s\000c\000e\000n\000a\000r\000i}{section.8}% 110
\BOOKMARK [2][-]{subsection.8.2}{\376\377\000C\000a\000s\000i\000\040\000d\000i\000\040\000u\000s\000o}{section.8}% 111
\BOOKMARK [2][-]{subsection.8.3}{\376\377\000C\000a\000s\000i\000\040\000d\000i\000\040\000U\000s\000o\000\040\000-\000\040\000U\000n\000\040\000N\000e\000g\000o\000z\000i\000o\000\040\000d\000i\000\040\000V\000e\000n\000d\000i\000t\000a\000\040\000O\000n\000l\000i\000n\000e}{section.8}% 112
\BOOKMARK [2][-]{subsection.8.4}{\376\377\000C\000a\000s\000i\000\040\000d\000i\000\040\000u\000s\000o\000\040\000-\000\040\000U\000n\000\040\000a\000l\000t\000r\000o\000\040\000n\000e\000g\000o\000z\000i\000o\000\040\000d\000i\000\040\000v\000e\000n\000d\000i\000t\000a\000\040\000o\000n\000l\000i\000n\000e}{section.8}% 113
\BOOKMARK [2][-]{subsection.8.5}{\376\377\000D\000e\000s\000c\000r\000i\000z\000i\000o\000n\000e\000\040\000d\000e\000l\000\040\000C\000a\000s\000o\000\040\000d\000i\000\040\000U\000s\000o\000:\000\040\000I\000n\000s\000e\000r\000i\000s\000c\000i\000\040\000l\040\031\000O\000r\000d\000i\000n\000e}{section.8}% 114
\BOOKMARK [2][-]{subsection.8.6}{\376\377\000T\000e\000m\000p\000l\000a\000t\000e\000\040\000p\000e\000r\000\040\000i\000\040\000c\000a\000s\000i\000\040\000d\000i\000\040\000u\000s\000o}{section.8}% 115
\BOOKMARK [1][-]{section.9}{\376\377\000E\000l\000e\000m\000e\000n\000t\000i\000\040\000d\000i\000\040\000p\000r\000o\000g\000e\000t\000t\000a\000z\000i\000o\000n\000e}{}% 116
\BOOKMARK [2][-]{subsection.9.1}{\376\377\000P\000r\000o\000c\000e\000s\000s\000o\000\040\000d\000i\000\040\000P\000r\000o\000g\000e\000t\000t\000a\000z\000i\000o\000n\000e}{section.9}% 117
\BOOKMARK [2][-]{subsection.9.2}{\376\377\000C\000o\000n\000c\000e\000t\000t\000i\000\040\000e\000\040\000P\000r\000i\000n\000c\000i\000p\000i\000\040\000d\000i\000\040\000P\000r\000o\000g\000e\000t\000t\000a\000z\000i\000o\000n\000e}{section.9}% 118
\BOOKMARK [2][-]{subsection.9.3}{\376\377\000M\000o\000d\000u\000l\000a\000r\000i\000t\000\340}{section.9}% 119
\BOOKMARK [2][-]{subsection.9.4}{\376\377\000C\000o\000e\000s\000i\000o\000n\000e}{section.9}% 120
\BOOKMARK [2][-]{subsection.9.5}{\376\377\000A\000c\000c\000o\000p\000p\000i\000a\000m\000e\000n\000t\000o}{section.9}% 121
\BOOKMARK [1][-]{section.10}{\376\377\000P\000r\000o\000g\000e\000t\000t\000a\000z\000i\000o\000n\000e\000\040\000a\000r\000c\000h\000i\000t\000e\000t\000t\000u\000r\000a\000l\000e}{}% 122
\BOOKMARK [2][-]{subsection.10.1}{\376\377\000S\000c\000o\000p\000o\000\040\000d\000e\000l\000l\000a\000\040\000P\000r\000o\000g\000e\000t\000t\000a\000z\000i\000o\000n\000e\000\040\000A\000r\000c\000h\000i\000t\000e\000t\000t\000u\000r\000a\000l\000e}{section.10}% 123
\BOOKMARK [2][-]{subsection.10.2}{\376\377\000R\000e\000q\000u\000i\000s\000i\000t\000i\000\040\000e\000\040\000P\000r\000o\000g\000e\000t\000t\000a\000z\000i\000o\000n\000e}{section.10}% 124
\BOOKMARK [2][-]{subsection.10.3}{\376\377\000D\000i\000a\000g\000r\000a\000m\000m\000i\000\040\000a\000\040\000B\000l\000o\000c\000c\000h\000i}{section.10}% 125
\BOOKMARK [2][-]{subsection.10.4}{\376\377\000A\000s\000t\000r\000a\000z\000i\000o\000n\000e\000\040\000A\000r\000c\000h\000i\000t\000e\000t\000t\000u\000r\000a\000l\000e}{section.10}% 126
\BOOKMARK [2][-]{subsection.10.5}{\376\377\000P\000r\000o\000g\000e\000t\000t\000a\000z\000i\000o\000n\000e\000\040\000d\000e\000l\000l\040\031\000A\000r\000c\000h\000i\000t\000e\000t\000t\000u\000r\000a\000\040\000e\000\040\000R\000i\000u\000s\000o}{section.10}% 127
\BOOKMARK [2][-]{subsection.10.6}{\376\377\000P\000a\000t\000t\000e\000r\000n\000\040\000A\000r\000c\000h\000i\000t\000e\000t\000t\000u\000r\000a\000l\000i}{section.10}% 128
\BOOKMARK [1][-]{section.11}{\376\377\000P\000r\000i\000n\000c\000i\000p\000i\000\040\000d\000i\000\040\000p\000r\000o\000g\000e\000t\000t\000a\000z\000i\000o\000n\000e}{}% 129
\BOOKMARK [1][-]{section.12}{\376\377\000T\000e\000s\000t\000i\000n\000g}{}% 130
\BOOKMARK [1][-]{section.13}{\376\377\000P\000a\000t\000t\000e\000r\000n\000\040\000S\000o\000f\000t\000w\000a\000r\000e}{}% 131
\BOOKMARK [1][-]{section.14}{\376\377\000E\000v\000o\000l\000u\000z\000i\000o\000n\000e\000\040\000d\000e\000l\000\040\000s\000o\000f\000t\000w\000a\000r\000e}{}% 132
\BOOKMARK [1][-]{section.15}{\376\377\000G\000l\000o\000s\000s\000a\000r\000i\000o}{}% 133
