\BOOKMARK [1][-]{section.1}{\376\377\000C\000o\000n\000c\000e\000t\000t\000i\000\040\000B\000a\000s\000e}{}% 1
\BOOKMARK [2][-]{subsection.1.1}{\376\377\000P\000e\000r\000m\000u\000t\000a\000z\000i\000o\000n\000i}{section.1}% 2
\BOOKMARK [2][-]{subsection.1.2}{\376\377\000D\000i\000s\000p\000o\000s\000i\000z\000i\000o\000n\000i}{section.1}% 3
\BOOKMARK [2][-]{subsection.1.3}{\376\377\000D\000i\000s\000p\000o\000s\000i\000z\000i\000o\000n\000i\000\040\000c\000o\000n\000\040\000r\000i\000p\000e\000t\000i\000z\000i\000o\000n\000e}{section.1}% 4
\BOOKMARK [2][-]{subsection.1.4}{\376\377\000C\000o\000m\000b\000i\000n\000a\000z\000i\000o\000n\000i}{section.1}% 5
\BOOKMARK [1][-]{section.2}{\376\377\000F\000u\000n\000z\000i\000o\000n\000i\000\040\000E\000s\000s\000e\000n\000z\000i\000a\000l\000i}{}% 6
\BOOKMARK [2][-]{subsection.2.1}{\376\377\000F\000u\000n\000z\000i\000o\000n\000e\000\040\000G\000a\000u\000s\000s\000i\000a\000n\000a\000\040\000S\000t\000a\000n\000d\000a\000r\000d}{section.2}% 7
\BOOKMARK [2][-]{subsection.2.2}{\376\377\000F\000u\000n\000z\000i\000o\000n\000e\000\040\000G\000a\000u\000s\000s\000i\000a\000n\000a\000\040\000G\000e\000n\000e\000r\000i\000c\000a}{section.2}% 8
\BOOKMARK [2][-]{subsection.2.3}{\376\377\000F\000u\000n\000z\000i\000o\000n\000e\000\040\000Q\000\040\000\050\000p\000r\000i\000m\000i\000t\000i\000v\000a\000\040\000d\000e\000l\000l\000a\000\040\000g\000a\000u\000s\000s\000i\000a\000n\000a\000\040\000s\000t\000a\000n\000d\000a\000r\000d\000\051}{section.2}% 9
\BOOKMARK [2][-]{subsection.2.4}{\376\377\000F\000u\000n\000z\000i\000o\000n\000e\000\040\000G\000\040\000\050\000p\000r\000i\000m\000i\000t\000i\000v\000a\000\040\000d\000e\000l\000l\000a\000\040\000g\000a\000u\000s\000s\000i\000a\000n\000a\000\040\000s\000t\000a\000n\000d\000a\000r\000d\000\051}{section.2}% 10
\BOOKMARK [2][-]{subsection.2.5}{\376\377\000F\000u\000n\000z\000i\000o\000n\000e\000\040\000G\000r\000a\000d\000i\000n\000o\000\040\000U\000n\000i\000t\000a\000r\000i\000o}{section.2}% 11
\BOOKMARK [2][-]{subsection.2.6}{\376\377\000F\000u\000n\000z\000i\000o\000n\000e\000\040\000I\000m\000p\000u\000l\000s\000o\000\040\000R\000e\000t\000t\000a\000n\000g\000o\000l\000a\000r\000e}{section.2}% 12
\BOOKMARK [2][-]{subsection.2.7}{\376\377\000F\000u\000n\000z\000i\000o\000n\000e\000\040\000I\000m\000p\000u\000l\000s\000i\000v\000a\000\040\000d\000i\000\040\000D\000i\000r\000a\000c}{section.2}% 13
\BOOKMARK [1][-]{section.3}{\376\377\000F\000o\000n\000d\000a\000m\000e\000n\000t\000i\000\040\000d\000i\000\040\000I\000n\000s\000i\000e\000m\000i\000s\000t\000i\000c\000a}{}% 14
\BOOKMARK [2][-]{subsection.3.1}{\376\377\000L\000e\000g\000g\000i\000\040\000d\000i\000\040\000D\000e\000M\000o\000r\000g\000a\000n}{section.3}% 15
\BOOKMARK [2][-]{subsection.3.2}{\376\377\000P\000r\000o\000p\000r\000i\000e\000t\000\340\000\040\000D\000i\000s\000t\000r\000i\000b\000u\000t\000i\000v\000a\000\040\000D\000e\000l\000l\040\031\000I\000n\000t\000e\000r\000s\000e\000z\000i\000o\000n\000e\000\040\000R\000i\000s\000p\000e\000t\000t\000o\000\040\000A\000l\000l\040\031\000U\000n\000i\000o\000n\000e}{section.3}% 16
\BOOKMARK [2][-]{subsection.3.3}{\376\377\000T\000r\000a\000s\000f\000o\000r\000m\000a\000r\000e\000\040\000l\000e\000\040\000O\000p\000e\000r\000a\000z\000i\000o\000n\000i\000\040\000f\000r\000a\000\040\000I\000n\000s\000i\000e\000m\000i}{section.3}% 17
\BOOKMARK [1][-]{section.4}{\376\377\000I\000n\000t\000r\000o\000d\000u\000z\000i\000o\000n\000e\000\040\000a\000l\000l\000a\000\040\000P\000r\000o\000b\000a\000b\000i\000l\000i\000t\000\340}{}% 18
\BOOKMARK [2][-]{subsection.4.1}{\376\377\0003\000\040\000A\000s\000s\000i\000o\000m\000i\000\040\000f\000i\000n\000d\000a\000m\000e\000n\000t\000a\000l\000i\000\040\000d\000i\000\040\000K\000o\000l\000m\000o\000g\000o\000t\000o\000v}{section.4}% 19
\BOOKMARK [2][-]{subsection.4.2}{\376\377\000F\000r\000e\000q\000u\000e\000n\000z\000a\000\040\000d\000i\000\040\000P\000r\000e\000s\000e\000n\000t\000a\000z\000i\000o\000n\000e}{section.4}% 20
\BOOKMARK [2][-]{subsection.4.3}{\376\377\000D\000e\000f\000i\000n\000i\000z\000i\000o\000n\000e\000\040\000d\000i\000\040\000P\000r\000o\000b\000a\000b\000i\000l\000i\000t\000\340}{section.4}% 21
\BOOKMARK [2][-]{subsection.4.4}{\376\377\000D\000e\000f\000i\000n\000i\000z\000i\000o\000n\000e\000\040\000C\000l\000a\000s\000s\000i\000c\000a\000\040\000d\000i\000\040\000P\000r\000o\000b\000a\000b\000i\000l\000i\000t\000\340}{section.4}% 22
\BOOKMARK [2][-]{subsection.4.5}{\376\377\000C\000a\000l\000c\000o\000l\000a\000r\000e\000\040\000P\000r\000o\000b\000a\000b\000i\000l\000i\000t\000\340\000\040\000s\000u\000\040\000S\000p\000a\000z\000i\000o\000\040\000C\000a\000m\000p\000i\000o\000n\000e\000\040\000D\000i\000s\000c\000r\000e\000t\000o}{section.4}% 23
\BOOKMARK [2][-]{subsection.4.6}{\376\377\000C\000a\000l\000c\000o\000l\000a\000r\000e\000\040\000P\000r\000o\000b\000a\000b\000i\000l\000i\000t\000\340\000\040\000s\000u\000\040\000S\000p\000a\000z\000i\000o\000\040\000C\000a\000m\000p\000i\000o\000n\000e\000\040\000C\000o\000n\000t\000i\000n\000u\000o}{section.4}% 24
\BOOKMARK [2][-]{subsection.4.7}{\376\377\000P\000r\000o\000b\000a\000b\000i\000l\000i\000t\000\340\000\040\000C\000o\000n\000d\000i\000z\000i\000o\000n\000a\000t\000a}{section.4}% 25
\BOOKMARK [2][-]{subsection.4.8}{\376\377\000E\000v\000e\000n\000t\000i\000\040\000I\000n\000d\000i\000p\000e\000n\000d\000e\000n\000t\000i}{section.4}% 26
\BOOKMARK [2][-]{subsection.4.9}{\376\377\000C\000h\000a\000i\000n\000\040\000R\000u\000l\000e}{section.4}% 27
\BOOKMARK [2][-]{subsection.4.10}{\376\377\000T\000e\000o\000r\000e\000m\000a\000\040\000d\000i\000\040\000B\000a\000y\000e\000s}{section.4}% 28
\BOOKMARK [2][-]{subsection.4.11}{\376\377\000T\000e\000o\000r\000e\000m\000a\000\040\000d\000e\000l\000l\000a\000\040\000P\000r\000o\000b\000a\000b\000i\000l\000i\000t\000\340\000\040\000T\000o\000t\000a\000l\000e}{section.4}% 29
\BOOKMARK [2][-]{subsection.4.12}{\376\377\000P\000r\000o\000v\000e\000\040\000R\000i\000p\000e\000t\000u\000t\000e\000\050\000F\000o\000r\000m\000u\000l\000a\000\040\000d\000i\000\040\000B\000e\000r\000n\000o\000u\000l\000l\000i\000\051}{section.4}% 30
\BOOKMARK [1][-]{section.5}{\376\377\000V\000a\000r\000i\000a\000b\000i\000l\000i\000\040\000A\000l\000e\000a\000t\000o\000r\000i\000e}{}% 31
\BOOKMARK [2][-]{subsection.5.1}{\376\377\000C\000D\000F\000:\000\040\000C\000u\000m\000u\000l\000a\000t\000i\000v\000e\000\040\000D\000i\000s\000t\000r\000i\000b\000u\000t\000i\000o\000n\000\040\000F\000u\000n\000c\000t\000i\000o\000n}{section.5}% 32
\BOOKMARK [2][-]{subsection.5.2}{\376\377\000P\000D\000F\000:\000\040\000P\000r\000o\000b\000a\000b\000i\000l\000i\000t\000y\000\040\000D\000e\000n\000s\000i\000t\000y\000\040\000F\000u\000n\000c\000t\000i\000o\000n}{section.5}% 33
\BOOKMARK [2][-]{subsection.5.3}{\376\377\000V\000a\000r\000i\000a\000b\000i\000l\000i\000\040\000A\000l\000e\000a\000t\000o\000r\000i\000e\000\040\000D\000i\000s\000c\000r\000e\000t\000e}{section.5}% 34
\BOOKMARK [2][-]{subsection.5.4}{\376\377\000V\000a\000r\000i\000a\000b\000i\000l\000i\000\040\000A\000l\000e\000a\000t\000o\000r\000i\000e\000\040\000C\000o\000n\000t\000i\000n\000u\000e}{section.5}% 35
\BOOKMARK [2][-]{subsection.5.5}{\376\377\000F\000u\000n\000z\000i\000o\000n\000e\000\040\000I\000n\000d\000i\000c\000a\000t\000r\000i\000c\000e\000\040\000\050\000V\000a\000r\000i\000a\000b\000i\000l\000e\000\040\000A\000l\000e\000a\000t\000o\000r\000i\000a\000\040\000d\000i\000\040\000B\000e\000r\000n\000o\000u\000l\000l\000i\000\051}{section.5}% 36
\BOOKMARK [2][-]{subsection.5.6}{\376\377\000P\000r\000o\000p\000r\000i\000e\000t\000\340\000\040\000F\000u\000n\000z\000i\000o\000n\000i\000\040\000a\000\040\0002\000\040\000V\000a\000r\000i\000a\000b\000i\000l\000i}{section.5}% 37
\BOOKMARK [2][-]{subsection.5.7}{\376\377\000T\000e\000o\000r\000e\000m\000a\000\040\000F\000o\000n\000d\000a\000m\000e\000n\000t\000a\000l\000e}{section.5}% 38
\BOOKMARK [2][-]{subsection.5.8}{\376\377\000P\000r\000o\000b\000l\000e\000m\000a\000\040\000I\000n\000v\000e\000r\000s\000o\000\040\000a\000l\000l\000a\000\040\000T\000r\000a\000s\000f\000o\000r\000m\000a\000z\000i\000o\000n\000e\000\040\000d\000i\000\040\000V\000a\000r\000i\000a\000b\000i\000l\000i\000\040\000A\000l\000e\000a\000t\000o\000r\000i\000e}{section.5}% 39
\BOOKMARK [2][-]{subsection.5.9}{\376\377\000V\000a\000l\000o\000r\000\040\000M\000e\000d\000i\000o}{section.5}% 40
\BOOKMARK [2][-]{subsection.5.10}{\376\377\000V\000a\000r\000i\000a\000n\000z\000a}{section.5}% 41
\BOOKMARK [2][-]{subsection.5.11}{\376\377\000T\000e\000o\000r\000e\000m\000a\000\040\000D\000e\000l\000l\000'\000A\000s\000p\000e\000t\000t\000a\000z\000i\000o\000n\000e}{section.5}% 42
\BOOKMARK [2][-]{subsection.5.12}{\376\377\000S\000c\000a\000r\000t\000o}{section.5}% 43
\BOOKMARK [2][-]{subsection.5.13}{\376\377\000M\000o\000m\000e\000n\000t\000i\000\040\000O\000r\000d\000i\000n\000a\000r\000i}{section.5}% 44
\BOOKMARK [2][-]{subsection.5.14}{\376\377\000M\000o\000m\000e\000n\000t\000i\000\040\000C\000e\000n\000t\000r\000a\000l\000i}{section.5}% 45
\BOOKMARK [2][-]{subsection.5.15}{\376\377\000D\000a\000\040\000M\000o\000m\000e\000n\000t\000i\000\040\000O\000r\000d\000i\000n\000a\000r\000i\000\040\000a\000\040\000C\000e\000n\000t\000r\000a\000l\000i}{section.5}% 46
\BOOKMARK [2][-]{subsection.5.16}{\376\377\000D\000a\000\040\000M\000o\000m\000e\000n\000t\000i\000\040\000C\000e\000n\000t\000r\000a\000l\000i\000\040\000a\000\040\000O\000r\000d\000i\000n\000a\000r\000i}{section.5}% 47
\BOOKMARK [2][-]{subsection.5.17}{\376\377\000R\000e\000l\000a\000z\000i\000o\000n\000i\000\040\000I\000m\000p\000o\000r\000t\000a\000n\000t\000i\000\040\000f\000r\000a\000\040\000M\000o\000m\000e\000n\000t\000i}{section.5}% 48
\BOOKMARK [2][-]{subsection.5.18}{\376\377\000D\000i\000s\000u\000g\000u\000a\000g\000l\000i\000a\000n\000z\000a\000\040\000d\000i\000\040\000C\000h\000e\000b\000y\000c\000h\000e\000v}{section.5}% 49
\BOOKMARK [2][-]{subsection.5.19}{\376\377\000F\000u\000n\000z\000i\000o\000n\000e\000\040\000C\000a\000r\000a\000t\000t\000e\000r\000i\000s\000t\000i\000c\000a}{section.5}% 50
\BOOKMARK [2][-]{subsection.5.20}{\376\377\000M\000G\000F\000:\000\040\000F\000u\000n\000z\000i\000o\000n\000e\000\040\000G\000e\000n\000e\000r\000a\000t\000r\000i\000c\000e\000\040\000d\000i\000\040\000M\000o\000m\000e\000n\000t\000i}{section.5}% 51
\BOOKMARK [2][-]{subsection.5.21}{\376\377\000M\000o\000d\000a}{section.5}% 52
\BOOKMARK [2][-]{subsection.5.22}{\376\377\000M\000e\000d\000i\000a\000n\000a}{section.5}% 53
\BOOKMARK [2][-]{subsection.5.23}{\376\377\000C\000D\000F\000\040\000C\000o\000n\000d\000i\000z\000i\000o\000n\000a\000t\000a}{section.5}% 54
\BOOKMARK [2][-]{subsection.5.24}{\376\377\000P\000D\000F\000\040\000C\000o\000n\000d\000i\000z\000i\000o\000n\000a\000t\000a}{section.5}% 55
\BOOKMARK [2][-]{subsection.5.25}{\376\377\000D\000o\000p\000p\000i\000o\000\040\000C\000o\000n\000d\000i\000z\000i\000o\000n\000a\000m\000e\000n\000t\000o}{section.5}% 56
\BOOKMARK [2][-]{subsection.5.26}{\376\377\000T\000e\000o\000r\000e\000m\000a\000\040\000d\000e\000l\000l\000a\000\040\000P\000r\000o\000b\000a\000b\000i\000l\000i\000t\000\340\000\040\000T\000o\000t\000a\000l\000e\000\040\000C\000o\000n\000d\000i\000z\000i\000o\000n\000a\000t\000a}{section.5}% 57
\BOOKMARK [2][-]{subsection.5.27}{\376\377\000V\000a\000l\000o\000r\000\040\000M\000e\000d\000i\000o\000\040\000C\000o\000n\000d\000i\000z\000i\000o\000n\000a\000t\000o}{section.5}% 58
\BOOKMARK [2][-]{subsection.5.28}{\376\377\000V\000a\000r\000i\000a\000b\000i\000l\000i\000\040\000A\000l\000e\000a\000t\000o\000r\000i\000e\000\040\000U\000n\000i\000f\000o\000r\000m\000i}{section.5}% 59
\BOOKMARK [2][-]{subsection.5.29}{\376\377\000V\000a\000r\000i\000a\000b\000i\000l\000i\000\040\000A\000l\000e\000a\000t\000o\000r\000i\000e\000\040\000E\000s\000p\000o\000n\000e\000n\000z\000i\000a\000l\000i}{section.5}% 60
\BOOKMARK [2][-]{subsection.5.30}{\376\377\000V\000a\000r\000i\000a\000b\000i\000l\000e\000\040\000A\000l\000e\000a\000t\000o\000r\000i\000a\000\040\000G\000a\000u\000s\000s\000i\000a\000n\000a\000\040\000S\000t\000a\000n\000d\000r\000a\000d}{section.5}% 61
\BOOKMARK [2][-]{subsection.5.31}{\376\377\000V\000a\000r\000i\000a\000b\000i\000l\000i\000\040\000A\000l\000e\000a\000t\000o\000r\000i\000e\000\040\000G\000a\000u\000s\000s\000i\000a\000n\000e\000\040\000G\000e\000n\000e\000r\000i\000c\000h\000e}{section.5}% 62
\BOOKMARK [2][-]{subsection.5.32}{\376\377\000V\000a\000r\000i\000a\000b\000i\000l\000i\000\040\000A\000l\000e\000a\000t\000o\000r\000i\000e\000\040\000B\000i\000n\000o\000m\000i\000a\000l\000i}{section.5}% 63
\BOOKMARK [2][-]{subsection.5.33}{\376\377\000D\000i\000s\000t\000r\000i\000b\000u\000z\000i\000o\000n\000e\000\040\000G\000e\000o\000m\000e\000t\000r\000i\000c\000a}{section.5}% 64
\BOOKMARK [2][-]{subsection.5.34}{\376\377\000V\000a\000r\000i\000a\000b\000i\000l\000i\000\040\000A\000l\000e\000a\000t\000o\000r\000i\000e\000\040\000d\000i\000\040\000P\000o\000i\000s\000s\000o\000n}{section.5}% 65
\BOOKMARK [1][-]{section.6}{\376\377\000V\000e\000t\000t\000o\000r\000i\000\040\000A\000l\000e\000a\000t\000o\000r\000i}{}% 66
\BOOKMARK [2][-]{subsection.6.1}{\376\377\000C\000D\000F\000\040\000c\000o\000n\000g\000i\000u\000n\000t\000a}{section.6}% 67
