\BOOKMARK [1][-]{section.1}{\376\377\000I\000n\000t\000r\000o\000d\000u\000z\000i\000o\000n\000e}{}% 1
\BOOKMARK [2][-]{subsection.1.1}{\376\377\000C\000o\000s\000'\000\350\000\040\000u\000n\000\040\000c\000a\000l\000c\000o\000l\000a\000t\000o\000r\000e\000\040\000e\000l\000e\000t\000t\000r\000o\000n\000i\000c\000o}{section.1}% 2
\BOOKMARK [3][-]{subsubsection.1.1.1}{\376\377\000A\000l\000g\000o\000r\000i\000t\000m\000i}{subsection.1.1}% 3
\BOOKMARK [3][-]{subsubsection.1.1.2}{\376\377\000U\000t\000i\000l\000i\000z\000z\000o\000\040\000d\000e\000i\000\040\000c\000a\000l\000c\000o\000l\000a\000t\000o\000r\000i\000\040\000e\000l\000e\000t\000t\000r\000o\000n\000i\000c\000i}{subsection.1.1}% 4
\BOOKMARK [2][-]{subsection.1.2}{\376\377\000F\000u\000n\000z\000i\000o\000n\000a\000m\000e\000n\000t\000o\000\040\000d\000i\000\040\000u\000n\000\040\000c\000a\000l\000c\000o\000l\000a\000t\000o\000r\000e}{section.1}% 5
\BOOKMARK [2][-]{subsection.1.3}{\376\377\000S\000t\000o\000r\000i\000a\000\040\000d\000e\000i\000\040\000c\000a\000l\000c\000o\000l\000a\000t\000o\000r\000i}{section.1}% 6
\BOOKMARK [2][-]{subsection.1.4}{\376\377\000G\000e\000n\000e\000r\000a\000z\000i\000o\000n\000i\000\040\000d\000e\000i\000\040\000c\000a\000l\000c\000o\000l\000a\000t\000o\000r\000i}{section.1}% 7
\BOOKMARK [3][-]{subsubsection.1.4.1}{\376\377\000G\000e\000n\000e\000r\000a\000z\000i\000o\000n\000e\000\040\0000\000\040\000-\000\040\000C\000o\000m\000p\000u\000t\000e\000r\000\040\000M\000e\000c\000c\000a\000n\000i\000c\000i}{subsection.1.4}% 8
\BOOKMARK [4][-]{paragraph.1.4.1.1}{\376\377\000A\000n\000a\000l\000y\000t\000i\000c\000a\000l\000\040\000E\000n\000g\000i\000n\000e}{subsubsection.1.4.1}% 9
\BOOKMARK [3][-]{subsubsection.1.4.2}{\376\377\000G\000e\000n\000e\000r\000a\000z\000i\000o\000n\000e\000\040\0001\000\040\000-\000\040\000V\000a\000l\000v\000o\000l\000e}{subsection.1.4}% 10
\BOOKMARK [4][-]{paragraph.1.4.2.1}{\376\377\000E\000N\000I\000A\000C}{subsubsection.1.4.2}% 11
\BOOKMARK [4][-]{paragraph.1.4.2.2}{\376\377\000A\000r\000c\000h\000i\000t\000e\000t\000t\000u\000r\000a\000\040\000d\000i\000\040\000V\000o\000n\000\040\000N\000e\000u\000m\000a\000n\000n}{subsubsection.1.4.2}% 12
\BOOKMARK [4][-]{paragraph.1.4.2.3}{\376\377\000A\000r\000c\000h\000i\000t\000e\000t\000t\000u\000r\000a\000\040\000d\000i\000\040\000H\000a\000r\000v\000a\000r\000d}{subsubsection.1.4.2}% 13
\BOOKMARK [4][-]{paragraph.1.4.2.4}{\376\377\000I\000A\000S\000\040\000C\000o\000m\000p\000u\000t\000e\000r}{subsubsection.1.4.2}% 14
\BOOKMARK [3][-]{subsubsection.1.4.3}{\376\377\000G\000e\000n\000e\000r\000a\000z\000i\000o\000n\000e\000\040\0002\000\040\000-\000\040\000T\000r\000a\000n\000s\000i\000s\000t\000o\000r}{subsection.1.4}% 15
\BOOKMARK [4][-]{paragraph.1.4.3.1}{\376\377\000T\000r\000a\000n\000s\000i\000s\000t\000o\000r}{subsubsection.1.4.3}% 16
\BOOKMARK [4][-]{paragraph.1.4.3.2}{\376\377\000I\000B\000M\000\040\0007\0000\0009\000x}{subsubsection.1.4.3}% 17
\BOOKMARK [3][-]{subsubsection.1.4.4}{\376\377\000G\000e\000n\000e\000r\000a\000z\000i\000o\000n\000e\000\040\0003\000\040\000-\000\040\000C\000i\000r\000c\000u\000i\000t\000i\000\040\000I\000n\000t\000e\000g\000r\000a\000t\000i}{subsection.1.4}% 18
\BOOKMARK [4][-]{paragraph.1.4.4.1}{\376\377\000C\000i\000r\000c\000u\000i\000t\000i\000\040\000i\000n\000t\000e\000g\000r\000a\000t\000i\000\040\000\050\000S\000S\000I\000,\000\040\000M\000S\000I\000,\000\040\000L\000S\000I\000\051}{subsubsection.1.4.4}% 19
\BOOKMARK [4][-]{paragraph.1.4.4.2}{\376\377\000P\000D\000P\000-\0008}{subsubsection.1.4.4}% 20
\BOOKMARK [3][-]{subsubsection.1.4.5}{\376\377\000G\000e\000n\000e\000r\000a\000z\000i\000o\000n\000e\000\040\0004\000\040\000-\000\040\000I\000n\000t\000e\000g\000r\000a\000z\000i\000o\000n\000e\000\040\000a\000\040\000g\000r\000a\000n\000d\000i\000s\000s\000i\000m\000a\000\040\000s\000c\000a\000l\000a}{subsection.1.4}% 21
\BOOKMARK [4][-]{paragraph.1.4.5.1}{\376\377\000V\000L\000S\000I}{subsubsection.1.4.5}% 22
\BOOKMARK [3][-]{subsubsection.1.4.6}{\376\377\000G\000e\000n\000e\000r\000a\000z\000i\000o\000n\000e\000\040\0005\000\040\000-\000\040\000C\000o\000m\000p\000u\000t\000e\000r\000\040\000a\000v\000a\000n\000z\000a\000t\000i}{subsection.1.4}% 23
\BOOKMARK [2][-]{subsection.1.5}{\376\377\000L\000e\000g\000g\000e\000\040\000d\000i\000\040\000M\000o\000o\000r\000e}{section.1}% 24
\BOOKMARK [2][-]{subsection.1.6}{\376\377\000S\000e\000c\000o\000n\000d\000a\000\040\000L\000e\000g\000g\000e\000\040\000d\000i\000\040\000M\000o\000o\000r\000e}{section.1}% 25
\BOOKMARK [2][-]{subsection.1.7}{\376\377\000L\000e\000g\000g\000e\000\040\000d\000i\000\040\000A\000m\000d\000a\000h\000l}{section.1}% 26
\BOOKMARK [2][-]{subsection.1.8}{\376\377\000P\000a\000r\000a\000l\000l\000e\000l\000i\000s\000m\000o}{section.1}% 27
\BOOKMARK [3][-]{subsubsection.1.8.1}{\376\377\000S\000u\000p\000e\000r\000c\000a\000l\000c\000o\000l\000a\000t\000o\000r\000i\000\040\000C\000M\0002}{subsection.1.8}% 28
\BOOKMARK [3][-]{subsubsection.1.8.2}{\376\377\000M\000M\000X\000\040\000p\000o\000i\000\040\000S\000S\000E\000\040\000\050\000S\000I\000M\000D\000\051}{subsection.1.8}% 29
\BOOKMARK [3][-]{subsubsection.1.8.3}{\376\377\000C\000l\000u\000s\000t\000e\000r}{subsection.1.8}% 30
\BOOKMARK [3][-]{subsubsection.1.8.4}{\376\377\000M\000u\000l\000t\000i\000c\000o\000r\000e}{subsection.1.8}% 31
