\BOOKMARK [1][-]{section.1}{\376\377\000C\000o\000n\000c\000e\000t\000t\000i\000\040\000B\000a\000s\000e}{}% 1
\BOOKMARK [2][-]{subsection.1.1}{\376\377\000F\000u\000n\000z\000i\000o\000n\000e\000\040\000Q}{section.1}% 2
\BOOKMARK [2][-]{subsection.1.2}{\376\377\000P\000e\000r\000m\000u\000t\000a\000z\000i\000o\000n\000i}{section.1}% 3
\BOOKMARK [3][-]{subsubsection.1.2.1}{\376\377\000E\000s\000e\000m\000p\000i\000o}{subsection.1.2}% 4
\BOOKMARK [3][-]{subsubsection.1.2.2}{\376\377\000E\000s\000e\000m\000p\000i\000o}{subsection.1.2}% 5
\BOOKMARK [3][-]{subsubsection.1.2.3}{\376\377\000E\000s\000e\000m\000p\000i\000o}{subsection.1.2}% 6
\BOOKMARK [2][-]{subsection.1.3}{\376\377\000D\000i\000s\000p\000o\000s\000i\000z\000i\000o\000n\000i\000\050\000d\000i\000\040\000n\000\040\000o\000g\000g\000e\000t\000t\000i\000\040\000p\000r\000e\000s\000i\000\040\000k\000\040\000a\000l\000l\000a\000\040\000v\000o\000l\000t\000a\000\051}{section.1}% 7
\BOOKMARK [3][-]{subsubsection.1.3.1}{\376\377\000D\000i\000m\000o\000s\000t\000r\000a\000z\000i\000o\000n\000e}{subsection.1.3}% 8
\BOOKMARK [3][-]{subsubsection.1.3.2}{\376\377\000E\000s\000e\000m\000p\000i\000o}{subsection.1.3}% 9
\BOOKMARK [2][-]{subsection.1.4}{\376\377\000D\000i\000s\000p\000o\000s\000i\000z\000i\000o\000n\000i\000\040\000c\000o\000n\000\040\000r\000i\000p\000e\000t\000i\000z\000i\000o\000n\000e}{section.1}% 10
\BOOKMARK [3][-]{subsubsection.1.4.1}{\376\377\000E\000s\000e\000m\000p\000i\000o}{subsection.1.4}% 11
\BOOKMARK [2][-]{subsection.1.5}{\376\377\000C\000o\000m\000b\000i\000n\000a\000z\000i\000o\000n\000i}{section.1}% 12
\BOOKMARK [3][-]{subsubsection.1.5.1}{\376\377\000C\000a\000s\000i\000\040\000P\000a\000r\000t\000i\000c\000o\000l\000a\000r\000i}{subsection.1.5}% 13
\BOOKMARK [3][-]{subsubsection.1.5.2}{\376\377\000E\000s\000e\000m\000p\000i\000o}{subsection.1.5}% 14
\BOOKMARK [1][-]{section.2}{\376\377\000F\000u\000n\000z\000i\000o\000n\000i\000\040\000E\000s\000s\000e\000n\000z\000i\000a\000l\000i}{}% 15
\BOOKMARK [2][-]{subsection.2.1}{\376\377\000F\000u\000n\000z\000i\000o\000n\000e\000\040\000G\000a\000u\000s\000s\000i\000a\000n\000a\000\040\000S\000t\000a\000n\000d\000a\000r\000d\000\050\000N\000o\000r\000m\000a\000l\000e\000\051}{section.2}% 16
\BOOKMARK [3][-]{subsubsection.2.1.1}{\376\377\000A\000l\000c\000u\000n\000i\000\040\000v\000a\000l\000o\000r\000i\000\040\000n\000o\000t\000i}{subsection.2.1}% 17
\BOOKMARK [3][-]{subsubsection.2.1.2}{\376\377\000G\000r\000a\000f\000i\000c\000o}{subsection.2.1}% 18
\BOOKMARK [2][-]{subsection.2.2}{\376\377\000F\000u\000n\000z\000i\000o\000n\000e\000\040\000G\000a\000u\000s\000s\000i\000a\000n\000a\000\040\000G\000e\000n\000e\000r\000i\000c\000a}{section.2}% 19
\BOOKMARK [3][-]{subsubsection.2.2.1}{\376\377\000G\000r\000a\000f\000i\000c\000o}{subsection.2.2}% 20
\BOOKMARK [2][-]{subsection.2.3}{\376\377\000A\000r\000e\000e\000\040\000d\000e\000l\000l\000e\000\040\000F\000u\000n\000z\000i\000o\000n\000i\000\040\000G\000a\000u\000s\000s\000i\000a\000n\000e}{section.2}% 21
\BOOKMARK [2][-]{subsection.2.4}{\376\377\000P\000r\000i\000m\000i\000t\000i\000v\000e\000\040\000d\000e\000l\000l\000a\000\040\000G\000a\000u\000s\000s\000i\000a\000n\000a\000\040\000S\000t\000a\000n\000d\000a\000r\000d}{section.2}% 22
\BOOKMARK [3][-]{subsubsection.2.4.1}{\376\377\000G\000r\000a\000f\000i\000c\000o}{subsection.2.4}% 23
\BOOKMARK [3][-]{subsubsection.2.4.2}{\376\377\000E\000s\000e\000m\000p\000i\000o}{subsection.2.4}% 24
\BOOKMARK [2][-]{subsection.2.5}{\376\377\000V\000a\000l\000o\000r\000i\000\040\000N\000o\000t\000i\000\040\000d\000e\000l\000l\000a\000\040\000F\000u\000n\000z\000i\000o\000n\000e\000\040\000Q}{section.2}% 25
\BOOKMARK [2][-]{subsection.2.6}{\376\377\000F\000u\000n\000z\000i\000o\000n\000e\000\040\000G\000r\000a\000d\000i\000n\000o\000\040\000U\000n\000i\000t\000a\000r\000i\000o}{section.2}% 26
\BOOKMARK [3][-]{subsubsection.2.6.1}{\376\377\000G\000r\000a\000f\000i\000c\000o}{subsection.2.6}% 27
\BOOKMARK [2][-]{subsection.2.7}{\376\377\000F\000u\000n\000z\000i\000o\000n\000e\000\040\000I\000m\000p\000u\000l\000s\000o\000\040\000R\000e\000t\000t\000a\000n\000g\000o\000l\000a\000r\000e}{section.2}% 28
\BOOKMARK [3][-]{subsubsection.2.7.1}{\376\377\000G\000r\000a\000f\000i\000c\000o}{subsection.2.7}% 29
\BOOKMARK [2][-]{subsection.2.8}{\376\377\000F\000u\000n\000z\000i\000o\000n\000e\000\040\000I\000m\000p\000u\000l\000s\000i\000v\000a\000\040\000d\000i\000\040\000D\000i\000r\000a\000c\000\040\000\050\000D\000e\000l\000t\000a\000\040\000d\000i\000\040\000D\000i\000r\000a\000c\000\051}{section.2}% 30
\BOOKMARK [3][-]{subsubsection.2.8.1}{\376\377\000G\000r\000a\000f\000i\000c\000o}{subsection.2.8}% 31
\BOOKMARK [3][-]{subsubsection.2.8.2}{\376\377\000P\000r\000o\000p\000r\000i\000e\000t\000\340\000\040\000C\000a\000m\000p\000i\000o\000n\000a\000t\000r\000i\000c\000e\000\040\000d\000e\000l\000l\000a\000\040\000D\000e\000l\000t\000a}{subsection.2.8}% 32
\BOOKMARK [3][-]{subsubsection.2.8.3}{\376\377\000P\000r\000o\000p\000r\000i\000e\000t\000\340}{subsection.2.8}% 33
\BOOKMARK [3][-]{subsubsection.2.8.4}{\376\377\000G\000r\000a\000f\000i\000c\000o}{subsection.2.8}% 34
\BOOKMARK [1][-]{section.3}{\376\377\000F\000o\000n\000d\000a\000m\000e\000n\000t\000i\000\040\000d\000i\000\040\000I\000n\000s\000i\000e\000m\000i\000s\000t\000i\000c\000a}{}% 35
\BOOKMARK [2][-]{subsection.3.1}{\376\377\000I\000n\000s\000i\000e\000m\000i}{section.3}% 36
\BOOKMARK [3][-]{subsubsection.3.1.1}{\376\377\000E\000s\000e\000m\000p\000i\000o}{subsection.3.1}% 37
\BOOKMARK [2][-]{subsection.3.2}{\376\377\000C\000a\000r\000d\000i\000n\000a\000l\000i\000t\000\340\000\040\000o\000\040\000D\000i\000m\000e\000n\000s\000i\000o\000n\000e}{section.3}% 38
\BOOKMARK [3][-]{subsubsection.3.2.1}{\376\377\000E\000s\000e\000m\000p\000i\000o}{subsection.3.2}% 39
\BOOKMARK [2][-]{subsection.3.3}{\376\377\000S\000o\000t\000t\000o\000i\000n\000s\000i\000e\000m\000i}{section.3}% 40
\BOOKMARK [3][-]{subsubsection.3.3.1}{\376\377\000G\000r\000a\000f\000i\000c\000o}{subsection.3.3}% 41
\BOOKMARK [2][-]{subsection.3.4}{\376\377\000I\000n\000s\000i\000e\000m\000i\000\040\000U\000g\000u\000a\000l\000i}{section.3}% 42
\BOOKMARK [2][-]{subsection.3.5}{\376\377\000S\000p\000a\000z\000i\000o\000\040\000C\000a\000m\000p\000i\000o\000n\000e\000\040\000e\000\040\000I\000n\000s\000i\000e\000m\000e\000\040\000V\000u\000o\000t\000o}{section.3}% 43
\BOOKMARK [2][-]{subsection.3.6}{\376\377\000D\000i\000a\000g\000r\000a\000m\000m\000i\000\040\000d\000i\000\040\000V\000e\000n\000n}{section.3}% 44
\BOOKMARK [3][-]{subsubsection.3.6.1}{\376\377\000G\000r\000a\000f\000i\000c\000o}{subsection.3.6}% 45
\BOOKMARK [2][-]{subsection.3.7}{\376\377\000U\000n\000i\000o\000n\000e\000\040\000\050\000o\000\040\000S\000o\000m\000m\000a\000\051}{section.3}% 46
\BOOKMARK [3][-]{subsubsection.3.7.1}{\376\377\000G\000r\000a\000f\000i\000c\000o}{subsection.3.7}% 47
\BOOKMARK [3][-]{subsubsection.3.7.2}{\376\377\000P\000r\000o\000p\000r\000i\000e\000t\000\340}{subsection.3.7}% 48
\BOOKMARK [2][-]{subsection.3.8}{\376\377\000I\000n\000t\000e\000r\000s\000e\000z\000i\000o\000n\000e\000\040\000\050\000o\000\040\000P\000r\000o\000d\000o\000t\000t\000o\000\051}{section.3}% 49
\BOOKMARK [3][-]{subsubsection.3.8.1}{\376\377\000G\000r\000a\000f\000i\000c\000o}{subsection.3.8}% 50
\BOOKMARK [3][-]{subsubsection.3.8.2}{\376\377\000P\000r\000o\000p\000r\000i\000e\000t\000\340}{subsection.3.8}% 51
\BOOKMARK [3][-]{subsubsection.3.8.3}{\376\377\000E\000s\000e\000m\000p\000i\000o}{subsection.3.8}% 52
\BOOKMARK [2][-]{subsection.3.9}{\376\377\000I\000n\000s\000i\000e\000m\000i\000\040\000D\000i\000s\000g\000i\000u\000n\000t\000i}{section.3}% 53
\BOOKMARK [3][-]{subsubsection.3.9.1}{\376\377\000E\000s\000e\000m\000p\000i\000o}{subsection.3.9}% 54
\BOOKMARK [2][-]{subsection.3.10}{\376\377\000P\000a\000r\000t\000i\000z\000i\000o\000n\000i\000\040\000d\000i\000\040\000A}{section.3}% 55
\BOOKMARK [3][-]{subsubsection.3.10.1}{\376\377\000G\000r\000a\000f\000i\000c\000o}{subsection.3.10}% 56
\BOOKMARK [2][-]{subsection.3.11}{\376\377\000C\000o\000m\000p\000l\000e\000m\000e\000n\000t\000a\000r\000e\000\040\000d\000i\000\040\000u\000n\000\040\000i\000n\000s\000i\000e\000m\000e}{section.3}% 57
\BOOKMARK [3][-]{subsubsection.3.11.1}{\376\377\000G\000r\000a\000f\000i\000c\000o}{subsection.3.11}% 58
\BOOKMARK [3][-]{subsubsection.3.11.2}{\376\377\000P\000r\000o\000p\000r\000i\000e\000t\000\340}{subsection.3.11}% 59
\BOOKMARK [2][-]{subsection.3.12}{\376\377\000L\040\031\000I\000n\000s\000i\000e\000m\000e\000\040\000D\000i\000f\000f\000e\000r\000e\000n\000z\000a}{section.3}% 60
\BOOKMARK [3][-]{subsubsection.3.12.1}{\376\377\000G\000r\000a\000f\000i\000c\000o}{subsection.3.12}% 61
\BOOKMARK [3][-]{subsubsection.3.12.2}{\376\377\000P\000r\000o\000p\000r\000i\000e\000t\000\340}{subsection.3.12}% 62
\BOOKMARK [3][-]{subsubsection.3.12.3}{\376\377\000E\000s\000e\000m\000p\000i\000o}{subsection.3.12}% 63
\BOOKMARK [2][-]{subsection.3.13}{\376\377\000U\000g\000u\000a\000g\000l\000i\000a\000n\000z\000e\000\050\000L\000e\000g\000g\000i\000\051\000\040\000d\000i\000\040\000D\000e\000M\000o\000r\000g\000a\000n}{section.3}% 64
\BOOKMARK [2][-]{subsection.3.14}{\376\377\000P\000r\000o\000p\000r\000i\000e\000t\000\340\000\040\000D\000i\000s\000t\000r\000i\000b\000u\000t\000i\000v\000a\000\040\000D\000e\000l\000l\040\031\000I\000n\000t\000e\000r\000s\000e\000z\000i\000o\000n\000e\000\040\000R\000i\000s\000p\000e\000t\000t\000o\000\040\000A\000l\000l\040\031\000U\000n\000i\000o\000n\000e}{section.3}% 65
\BOOKMARK [2][-]{subsection.3.15}{\376\377\000T\000r\000a\000s\000f\000o\000r\000m\000a\000r\000e\000\040\000l\000e\000\040\000O\000p\000e\000r\000a\000z\000i\000o\000n\000i\000\040\000f\000r\000a\000\040\000I\000n\000s\000i\000e\000m\000i}{section.3}% 66
\BOOKMARK [3][-]{subsubsection.3.15.1}{\376\377\000D\000i\000m\000o\000s\000t\000r\000a\000z\000i\000o\000n\000e}{subsection.3.15}% 67
\BOOKMARK [3][-]{subsubsection.3.15.2}{\376\377\000E\000s\000e\000m\000p\000i\000o}{subsection.3.15}% 68
\BOOKMARK [2][-]{subsection.3.16}{\376\377\000D\000e\000t\000e\000r\000m\000i\000n\000a\000r\000e\000\040\000i\000l\000\040\000N\000u\000m\000e\000r\000o\000\040\000M\000a\000s\000s\000i\000m\000o\000\040\000d\000i\000\040\000S\000o\000t\000t\000o\000-\000I\000n\000s\000i\000e\000m\000i\000\040\000d\000i\000\040\000u\000n\000\040\000I\000n\000s\000i\000e\000m\000e}{section.3}% 69
\BOOKMARK [1][-]{section.4}{\376\377\000I\000n\000t\000r\000o\000d\000u\000z\000i\000o\000n\000e\000\040\000a\000l\000l\000a\000\040\000P\000r\000o\000b\000a\000b\000i\000l\000i\000t\000\340}{}% 70
\BOOKMARK [2][-]{subsection.4.1}{\376\377\000E\000v\000e\000n\000t\000i\000\040\000e\000d\000\040\000E\000s\000p\000e\000r\000i\000m\000e\000n\000t}{section.4}% 71
\BOOKMARK [2][-]{subsection.4.2}{\376\377\000T\000e\000o\000r\000i\000a\000\040\000A\000s\000s\000i\000o\000m\000a\000t\000i\000c\000a\000\040\000d\000e\000l\000l\000a\000\040\000P\000r\000o\000b\000a\000b\000i\000l\000i\000t\000\340\000\050\000K\000o\000l\000m\000o\000g\000o\000r\000o\000v\000\040\0001\0009\0003\0003\000\051}{section.4}% 72
\BOOKMARK [3][-]{subsubsection.4.2.1}{\376\377\000E\000s\000e\000m\000p\000i\000o}{subsection.4.2}% 73
\BOOKMARK [2][-]{subsection.4.3}{\376\377\000F\000r\000e\000q\000u\000e\000n\000z\000a\000\040\000d\000i\000\040\000P\000r\000e\000s\000e\000n\000t\000a\000z\000i\000o\000n\000e}{section.4}% 74
\BOOKMARK [2][-]{subsection.4.4}{\376\377\000D\000e\000f\000i\000n\000i\000z\000i\000o\000n\000e\000\040\000d\000i\000\040\000P\000r\000o\000b\000a\000b\000i\000l\000i\000t\000\340}{section.4}% 75
\BOOKMARK [2][-]{subsection.4.5}{\376\377\000P\000r\000o\000p\000r\000i\000e\000t\000\340\000\040\000d\000e\000i\000\040\0003\000\040\000A\000s\000s\000i\000o\000m\000i}{section.4}% 76
\BOOKMARK [3][-]{subsubsection.4.5.1}{\376\377\000D\000i\000m\000o\000s\000t\000r\000a\000z\000i\000o\000n\000e}{subsection.4.5}% 77
\BOOKMARK [3][-]{subsubsection.4.5.2}{\376\377\000D\000i\000m\000o\000s\000t\000r\000a\000z\000i\000o\000n\000e}{subsection.4.5}% 78
\BOOKMARK [3][-]{subsubsection.4.5.3}{\376\377\000G\000r\000a\000f\000i\000c\000o}{subsection.4.5}% 79
\BOOKMARK [3][-]{subsubsection.4.5.4}{\376\377\000D\000i\000m\000o\000s\000t\000r\000a\000z\000i\000o\000n\000e}{subsection.4.5}% 80
\BOOKMARK [3][-]{subsubsection.4.5.5}{\376\377\000G\000r\000a\000f\000i\000c\000o}{subsection.4.5}% 81
\BOOKMARK [3][-]{subsubsection.4.5.6}{\376\377\000E\000s\000e\000m\000p\000i\000o}{subsection.4.5}% 82
\BOOKMARK [2][-]{subsection.4.6}{\376\377\000S\000i\000s\000t\000e\000m\000a\000\040\000d\000i\000\040\000P\000r\000o\000b\000a\000b\000i\000l\000i\000t\000\340}{section.4}% 83
\BOOKMARK [3][-]{subsubsection.4.6.1}{\376\377\000E\000s\000e\000m\000p\000i\000o\000\040\000\050\000L\000a\000n\000c\000i\000o\000\040\000d\000i\000\040\000u\000n\000\040\000d\000a\000d\000o}{subsection.4.6}% 84
\BOOKMARK [2][-]{subsection.4.7}{\376\377\000D\000e\000f\000i\000n\000i\000z\000i\000o\000n\000e\000\040\000C\000l\000a\000s\000s\000i\000c\000a\000\040\000d\000i\000\040\000P\000r\000o\000b\000a\000b\000i\000l\000i\000t\000\340}{section.4}% 85
\BOOKMARK [2][-]{subsection.4.8}{\376\377\000C\000a\000l\000c\000o\000l\000a\000r\000e\000\040\000P\000r\000o\000b\000a\000b\000i\000l\000i\000t\000\340\000\040\000s\000u\000\040\000S\000p\000a\000z\000i\000o\000\040\000C\000a\000m\000p\000i\000o\000n\000e\000\040\000D\000i\000s\000c\000r\000e\000t\000o}{section.4}% 86
\BOOKMARK [3][-]{subsubsection.4.8.1}{\376\377\000C\000a\000s\000o\000\040\000E\000q\000u\000i\000p\000r\000o\000b\000a\000b\000i\000l\000e}{subsection.4.8}% 87
\BOOKMARK [4][-]{paragraph.4.8.1.1}{\376\377\000E\000s\000e\000m\000p\000i\000o\000\050\000L\000a\000n\000c\000i\000o\000\040\000d\000a\000d\000o\000\051}{subsubsection.4.8.1}% 88
\BOOKMARK [3][-]{subsubsection.4.8.2}{\376\377\000C\000a\000s\000o\000\040\000n\000o\000n\000\040\000E\000q\000u\000i\000p\000r\000o\000b\000a\000b\000i\000l\000e}{subsection.4.8}% 89
\BOOKMARK [3][-]{subsubsection.4.8.3}{\376\377\000C\000a\000s\000o\000\040\000G\000e\000n\000e\000r\000i\000c\000o}{subsection.4.8}% 90
\BOOKMARK [4][-]{paragraph.4.8.3.1}{\376\377\000E\000s\000e\000m\000p\000i\000o\000\040\0001}{subsubsection.4.8.3}% 91
\BOOKMARK [4][-]{paragraph.4.8.3.2}{\376\377\000E\000s\000e\000m\000p\000i\000o\000\040\0002}{subsubsection.4.8.3}% 92
\BOOKMARK [4][-]{paragraph.4.8.3.3}{\376\377\000G\000e\000n\000e\000r\000a\000l\000i\000z\000z\000a\000n\000d\000o}{subsubsection.4.8.3}% 93
\BOOKMARK [2][-]{subsection.4.9}{\376\377\000C\000a\000l\000c\000o\000l\000a\000r\000e\000\040\000P\000r\000o\000b\000a\000b\000i\000l\000i\000t\000\340\000\040\000s\000u\000\040\000S\000p\000a\000z\000i\000o\000\040\000C\000a\000m\000p\000i\000o\000n\000e\000\040\000C\000o\000n\000t\000i\000n\000u\000o}{section.4}% 94
\BOOKMARK [3][-]{subsubsection.4.9.1}{\376\377\000G\000r\000a\000f\000i\000c\000o}{subsection.4.9}% 95
\BOOKMARK [3][-]{subsubsection.4.9.2}{\376\377\000E\000s\000e\000m\000p\000i\000o\000\050\000D\000e\000c\000a\000d\000i\000m\000e\000n\000t\000o\000\040\000s\000o\000s\000t\000a\000n\000z\000a\000\040\000r\000a\000d\000i\000o\000a\000t\000t\000i\000v\000a\000\051}{subsection.4.9}% 96
\BOOKMARK [3][-]{subsubsection.4.9.3}{\376\377\000E\000s\000e\000m\000p\000i\000o\000\050\000T\000e\000l\000e\000f\000o\000n\000a\000t\000a\000\051}{subsection.4.9}% 97
\BOOKMARK [2][-]{subsection.4.10}{\376\377\000P\000r\000o\000b\000a\000b\000i\000l\000i\000t\000\340\000\040\000C\000o\000n\000g\000i\000u\000n\000t\000a}{section.4}% 98
\BOOKMARK [2][-]{subsection.4.11}{\376\377\000P\000r\000o\000b\000a\000b\000i\000l\000i\000t\000\340\000\040\000C\000o\000n\000d\000i\000z\000i\000o\000n\000a\000t\000a}{section.4}% 99
\BOOKMARK [3][-]{subsubsection.4.11.1}{\376\377\000E\000s\000e\000m\000p\000i\000o\000\050\000D\000a\000d\000o\000\051}{subsection.4.11}% 100
\BOOKMARK [3][-]{subsubsection.4.11.2}{\376\377\000P\000r\000o\000p\000r\000i\000e\000t\000\340}{subsection.4.11}% 101
\BOOKMARK [3][-]{subsubsection.4.11.3}{\376\377\000L\000a\000\040\000p\000r\000o\000b\000a\000b\000i\000l\000i\000t\000\340\000\040\000c\000o\000n\000d\000i\000z\000i\000o\000n\000a\000t\000a\000\040\000r\000i\000s\000p\000e\000t\000t\000a\000\040\000i\000\040\0003\000\040\000a\000s\000s\000i\000o\000m\000i\000\040\000f\000o\000n\000d\000a\000m\000e\000n\000t\000a\000l\000i\000:}{subsection.4.11}% 102
\BOOKMARK [2][-]{subsection.4.12}{\376\377\000E\000v\000e\000n\000t\000i\000\040\000I\000n\000d\000i\000p\000e\000n\000d\000e\000n\000t\000i}{section.4}% 103
\BOOKMARK [3][-]{subsubsection.4.12.1}{\376\377\0003\000\040\000e\000v\000e\000n\000t\000i\000\040\000i\000n\000d\000i\000p\000e\000n\000d\000e\000n\000t\000i}{subsection.4.12}% 104
\BOOKMARK [3][-]{subsubsection.4.12.2}{\376\377\000n\000\040\000e\000v\000e\000n\000t\000i\000\040\000i\000n\000d\000i\000p\000e\000n\000d\000e\000n\000t\000i}{subsection.4.12}% 105
\BOOKMARK [3][-]{subsubsection.4.12.3}{\376\377\000P\000r\000o\000p\000r\000i\000e\000t\000\340}{subsection.4.12}% 106
\BOOKMARK [3][-]{subsubsection.4.12.4}{\376\377\000D\000i\000m\000o\000s\000t\000r\000a\000z\000i\000o\000n\000e}{subsection.4.12}% 107
\BOOKMARK [3][-]{subsubsection.4.12.5}{\376\377\000D\000i\000m\000o\000s\000t\000r\000a\000z\000i\000o\000n\000e}{subsection.4.12}% 108
\BOOKMARK [3][-]{subsubsection.4.12.6}{\376\377\000D\000i\000m\000o\000s\000t\000r\000a\000z\000i\000o\000n\000e}{subsection.4.12}% 109
\BOOKMARK [3][-]{subsubsection.4.12.7}{\376\377\000E\000s\000e\000m\000p\000i\000o\000\050\000L\000a\000n\000c\000i\000o\000\040\0002\000\040\000d\000a\000d\000i\000\051}{subsection.4.12}% 110
\BOOKMARK [2][-]{subsection.4.13}{\376\377\000P\000r\000o\000b\000a\000b\000i\000l\000i\000t\000\340\000\040\000C\000o\000n\000d\000i\000z\000i\000o\000n\000a\000t\000a\000\040\000c\000o\000n\000\040\000E\000v\000e\000n\000t\000i\000\040\000I\000n\000d\000i\000p\000e\000n\000d\000e\000n\000t\000i}{section.4}% 111
\BOOKMARK [2][-]{subsection.4.14}{\376\377\000C\000h\000a\000i\000n\000\040\000R\000u\000l\000e}{section.4}% 112
\BOOKMARK [3][-]{subsubsection.4.14.1}{\376\377\000C\000a\000s\000o\000\040\0002\000/\0003\000\040\000e\000v\000e\000n\000t\000i}{subsection.4.14}% 113
\BOOKMARK [3][-]{subsubsection.4.14.2}{\376\377\000C\000a\000s\000o\000\040\000g\000e\000n\000e\000r\000a\000l\000e\000,\000\040\000n\000\040\000e\000v\000e\000n\000t\000i\000\040\000g\000e\000n\000e\000r\000i\000c\000i}{subsection.4.14}% 114
\BOOKMARK [2][-]{subsection.4.15}{\376\377\000T\000e\000o\000r\000e\000m\000a\000\040\000d\000i\000\040\000B\000a\000y\000e\000s}{section.4}% 115
\BOOKMARK [2][-]{subsection.4.16}{\376\377\000T\000e\000o\000r\000e\000m\000a\000\040\000d\000e\000l\000l\000a\000\040\000P\000r\000o\000b\000a\000b\000i\000l\000i\000t\000\340\000\040\000T\000o\000t\000a\000l\000e}{section.4}% 116
\BOOKMARK [2][-]{subsection.4.17}{\376\377\000C\000o\000m\000p\000o\000s\000i\000z\000i\000o\000n\000e\000\040\000E\000s\000p\000e\000r\000i\000m\000e\000n\000t\000i\000\040\000I\000n\000d\000i\000p\000e\000n\000d\000e\000n\000t\000i}{section.4}% 117
\BOOKMARK [3][-]{subsubsection.4.17.1}{\376\377\000E\000s\000e\000m\000p\000i\000o}{subsection.4.17}% 118
\BOOKMARK [2][-]{subsection.4.18}{\376\377\000P\000r\000o\000v\000e\000\040\000R\000i\000p\000e\000t\000u\000t\000e\000\040\000\050\000F\000o\000r\000m\000u\000l\000a\000\040\000d\000i\000\040\000B\000e\000r\000n\000o\000u\000l\000l\000i\000\051}{section.4}% 119
\BOOKMARK [3][-]{subsubsection.4.18.1}{\376\377\000D\000i\000m\000o\000s\000t\000r\000a\000z\000i\000o\000n\000e}{subsection.4.18}% 120
\BOOKMARK [3][-]{subsubsection.4.18.2}{\376\377\000E\000s\000e\000m\000p\000i\000o\000\040\0001}{subsection.4.18}% 121
\BOOKMARK [3][-]{subsubsection.4.18.3}{\376\377\000E\000s\000e\000m\000p\000i\000o\000\040\0002}{subsection.4.18}% 122
\BOOKMARK [2][-]{subsection.4.19}{\376\377\000E\000s\000e\000m\000p\000i\000\040\000s\000u\000l\000\040\000c\000a\000p\000i\000t\000o\000l\000o}{section.4}% 123
\BOOKMARK [3][-]{subsubsection.4.19.1}{\376\377\000E\000s\000e\000m\000p\000i\000o\000\040\0001}{subsection.4.19}% 124
\BOOKMARK [3][-]{subsubsection.4.19.2}{\376\377\000E\000s\000e\000m\000p\000i\000o\000\040\0002}{subsection.4.19}% 125
\BOOKMARK [3][-]{subsubsection.4.19.3}{\376\377\000E\000s\000e\000m\000p\000i\000o\000\040\0003}{subsection.4.19}% 126
\BOOKMARK [3][-]{subsubsection.4.19.4}{\376\377\000E\000s\000e\000m\000p\000i\000o\000\040\0004}{subsection.4.19}% 127
\BOOKMARK [1][-]{section.5}{\376\377\000V\000a\000r\000i\000a\000b\000i\000l\000i\000\040\000A\000l\000e\000a\000t\000o\000r\000i\000e}{}% 128
\BOOKMARK [2][-]{subsection.5.1}{\376\377\000I\000n\000t\000r\000o\000d\000u\000z\000i\000o\000n\000e}{section.5}% 129
\BOOKMARK [3][-]{subsubsection.5.1.1}{\376\377\000P\000r\000o\000p\000r\000i\000e\000t\000\340}{subsection.5.1}% 130
\BOOKMARK [3][-]{subsubsection.5.1.2}{\376\377\000E\000s\000e\000m\000p\000i\000o\0001\000\050\000F\000a\000c\000c\000e\000\040\000d\000a\000d\000o\000\051}{subsection.5.1}% 131
\BOOKMARK [3][-]{subsubsection.5.1.3}{\376\377\000E\000s\000e\000m\000p\000i\000o\0002\000\050\000D\000i\000v\000i\000s\000i\000o\000n\000e\000\040\000f\000r\000a\000\040\000f\000a\000c\000c\000e\000\040\000p\000a\000r\000i\000\040\000e\000\040\000d\000i\000s\000p\000a\000r\000i\000\051}{subsection.5.1}% 132
\BOOKMARK [2][-]{subsection.5.2}{\376\377\000C\000D\000F\000:\000\040\000F\000u\000n\000z\000i\000o\000n\000e\000\040\000d\000i\000\040\000D\000i\000s\000t\000r\000i\000b\000u\000z\000i\000o\000n\000e\000\040\000\050\000o\000\040\000C\000u\000m\000u\000l\000a\000t\000r\000i\000c\000e\000\051}{section.5}% 133
\BOOKMARK [3][-]{subsubsection.5.2.1}{\376\377\000P\000r\000o\000p\000r\000i\000e\000t\000\340}{subsection.5.2}% 134
\BOOKMARK [4][-]{paragraph.5.2.1.1}{\376\377\000D\000i\000m\000o\000s\000t\000r\000a\000z\000i\000o\000n\000e}{subsubsection.5.2.1}% 135
\BOOKMARK [4][-]{paragraph.5.2.1.2}{\376\377\000E\000s\000e\000m\000p\000i\000o}{subsubsection.5.2.1}% 136
\BOOKMARK [4][-]{paragraph.5.2.1.3}{\376\377\000E\000s\000e\000m\000p\000i\000o}{subsubsection.5.2.1}% 137
\BOOKMARK [2][-]{subsection.5.3}{\376\377\000V\000a\000r\000i\000a\000b\000i\000l\000i\000\040\000A\000l\000e\000a\000t\000o\000r\000i\000e\000\040\000D\000i\000s\000c\000r\000e\000t\000e}{section.5}% 138
\BOOKMARK [3][-]{subsubsection.5.3.1}{\376\377\000G\000r\000a\000f\000i\000c\000o}{subsection.5.3}% 139
\BOOKMARK [3][-]{subsubsection.5.3.2}{\376\377\000E\000s\000e\000m\000p\000i\000o\000\050\000D\000a\000d\000o\000\051}{subsection.5.3}% 140
\BOOKMARK [2][-]{subsection.5.4}{\376\377\000F\000u\000n\000z\000i\000o\000n\000e\000\040\000I\000n\000d\000i\000c\000a\000t\000r\000i\000c\000e\000\040\000\050\000V\000.\000A\000.\000\040\000d\000i\000\040\000B\000e\000r\000n\000o\000u\000l\000l\000i\000\051}{section.5}% 141
\BOOKMARK [2][-]{subsection.5.5}{\376\377\000V\000a\000r\000i\000a\000b\000i\000l\000e\000\040\000A\000l\000e\000a\000t\000o\000r\000i\000a\000\040\000B\000i\000n\000o\000m\000i\000a\000l\000e}{section.5}% 142
\BOOKMARK [3][-]{subsubsection.5.5.1}{\376\377\000E\000s\000e\000m\000p\000i\000o}{subsection.5.5}% 143
\BOOKMARK [2][-]{subsection.5.6}{\376\377\000V\000a\000r\000i\000a\000b\000i\000l\000i\000\040\000A\000l\000e\000a\000t\000o\000r\000i\000e\000\040\000C\000o\000n\000t\000i\000n\000u\000e}{section.5}% 144
\BOOKMARK [3][-]{subsubsection.5.6.1}{\376\377\000E\000s\000e\000m\000p\000i\000o\000\050\000C\000a\000l\000c\000o\000l\000o\000\040\000p\000r\000o\000b\000a\000b\000i\000l\000i\000t\000\340\000\040\000t\000r\000a\000m\000i\000t\000e\000\040\000P\000D\000F\000\051}{subsection.5.6}% 145
\BOOKMARK [2][-]{subsection.5.7}{\376\377\000P\000D\000F\000:\000\040\000F\000u\000n\000z\000i\000o\000n\000e\000\040\000d\000i\000\040\000D\000e\000n\000s\000i\000t\000\340\000\040\000d\000i\000\040\000P\000r\000o\000b\000a\000b\000i\000l\000i\000t\000\340}{section.5}% 146
\BOOKMARK [3][-]{subsubsection.5.7.1}{\376\377\000P\000r\000o\000p\000r\000i\000e\000t\000\340}{subsection.5.7}% 147
\BOOKMARK [2][-]{subsection.5.8}{\376\377\000D\000e\000l\000t\000a\000\040\000d\000i\000\040\000D\000i\000r\000a\000c\000\040\000e\000\040\000V\000.\000A\000.}{section.5}% 148
\BOOKMARK [2][-]{subsection.5.9}{\376\377\000V\000a\000r\000i\000a\000b\000i\000l\000i\000\040\000A\000l\000e\000a\000t\000o\000r\000i\000e\000\040\000M\000i\000s\000t\000e}{section.5}% 149
\BOOKMARK [3][-]{subsubsection.5.9.1}{\376\377\000G\000r\000a\000f\000i\000c\000o}{subsection.5.9}% 150
\BOOKMARK [3][-]{subsubsection.5.9.2}{\376\377\000E\000s\000e\000m\000p\000i\000o}{subsection.5.9}% 151
\BOOKMARK [2][-]{subsection.5.10}{\376\377\000V\000a\000r\000i\000a\000b\000i\000l\000i\000\040\000A\000l\000e\000a\000t\000o\000r\000i\000e\000\040\000U\000n\000i\000f\000o\000r\000m\000i}{section.5}% 152
\BOOKMARK [2][-]{subsection.5.11}{\376\377\000V\000a\000r\000i\000a\000b\000i\000l\000i\000\040\000A\000l\000e\000a\000t\000o\000r\000i\000e\000\040\000E\000s\000p\000o\000n\000e\000n\000z\000i\000a\000l\000i\000\040\000\050\000N\000e\000g\000a\000t\000i\000v\000e\000\051}{section.5}% 153
\BOOKMARK [2][-]{subsection.5.12}{\376\377\000V\000a\000r\000i\000a\000b\000i\000l\000i\000\040\000A\000l\000e\000a\000t\000o\000r\000i\000e\000\040\000N\000o\000r\000m\000a\000l\000i\000\040\000o\000\040\000G\000a\000u\000s\000s\000i\000a\000n\000e}{section.5}% 154
\BOOKMARK [3][-]{subsubsection.5.12.1}{\376\377\000E\000s\000e\000m\000p\000i\000o\000\040\0001}{subsection.5.12}% 155
\BOOKMARK [3][-]{subsubsection.5.12.2}{\376\377\000E\000s\000e\000m\000p\000i\000o\000\040\0002}{subsection.5.12}% 156
\BOOKMARK [2][-]{subsection.5.13}{\376\377\000T\000r\000a\000s\000f\000o\000r\000m\000a\000z\000i\000o\000n\000i\000\040\000d\000i\000\040\000V\000a\000r\000i\000a\000b\000i\000l\000i\000\040\000A\000l\000e\000a\000t\000o\000r\000i\000e}{section.5}% 157
\BOOKMARK [3][-]{subsubsection.5.13.1}{\376\377\000E\000s\000e\000m\000p\000i\000o}{subsection.5.13}% 158
\BOOKMARK [2][-]{subsection.5.14}{\376\377\000C\000a\000l\000c\000o\000l\000a\000r\000e\000\040\000l\000a\000\040\000V\000.\000A\000.\000\040\000Y\000\040\000d\000a\000t\000a\000\040\000l\000a\000\040\000V\000.\000A\000.\000\040\000X}{section.5}% 159
\BOOKMARK [3][-]{subsubsection.5.14.1}{\376\377\000E\000s\000e\000m\000p\000i\000o\000\050\000Y\000\040\000d\000i\000s\000c\000r\000e\000t\000a\000\040\000e\000\040\000X\000\040\000c\000o\000n\000t\000i\000n\000u\000a\000\051}{subsection.5.14}% 160
\BOOKMARK [3][-]{subsubsection.5.14.2}{\376\377\000E\000s\000e\000m\000p\000i\000o\000\050\000Y\000\040\000d\000i\000s\000c\000r\000e\000t\000a\000\040\000e\000\040\000X\000\040\000d\000i\000s\000c\000r\000e\000t\000a\000\051}{subsection.5.14}% 161
\BOOKMARK [2][-]{subsection.5.15}{\376\377\000C\000a\000l\000c\000o\000l\000a\000r\000e\000\040\000l\000a\000\040\000V\000.\000A\000.\000\040\000D\000i\000s\000c\000r\000e\000t\000a\000\040\000Y\000\040\000d\000a\000t\000a\000\040\000l\000a\000\040\000V\000.\000A\000.\000\040\000X\000\040\000G\000e\000n\000e\000r\000i\000c\000a}{section.5}% 162
\BOOKMARK [2][-]{subsection.5.16}{\376\377\000C\000a\000l\000c\000o\000l\000a\000r\000e\000\040\000l\000a\000\040\000V\000.\000A\000.\000\040\000C\000o\000n\000t\000i\000n\000u\000a\000\040\000Y\000\040\000d\000a\000t\000a\000\040\000l\000a\000\040\000V\000.\000A\000.\000\040\000X\000\040\000G\000e\000n\000e\000r\000i\000c\000a}{section.5}% 163
\BOOKMARK [2][-]{subsection.5.17}{\376\377\000R\000e\000g\000o\000l\000a\000\040\000I\000m\000p\000o\000r\000t\000a\000n\000t\000e\000\040\000p\000e\000r\000\040\000g\000l\000i\000\040\000E\000s\000e\000r\000c\000i\000z\000i\000\040\000\050\000F\000u\000n\000z\000i\000o\000n\000i\000\040\000a\000\040\000d\000u\000e\000\040\000V\000a\000r\000i\000a\000b\000i\000l\000i\000\051}{section.5}% 164
\BOOKMARK [3][-]{subsubsection.5.17.1}{\376\377\000E\000s\000e\000m\000p\000i\000o}{subsection.5.17}% 165
\BOOKMARK [2][-]{subsection.5.18}{\376\377\000T\000e\000o\000r\000e\000m\000a\000\040\000F\000o\000n\000d\000a\000m\000e\000n\000t\000a\000l\000e}{section.5}% 166
\BOOKMARK [3][-]{subsubsection.5.18.1}{\376\377\000C\000a\000s\000o\000\040\000g\000\050\000x\000\051\000\040\000m\000o\000n\000o\000t\000o\000n\000a\000\040\000c\000r\000e\000s\000c\000e\000n\000t\000e}{subsection.5.18}% 167
\BOOKMARK [3][-]{subsubsection.5.18.2}{\376\377\000C\000a\000s\000o\000\040\000g\000\050\000x\000\051\000\040\000n\000o\000n\000\040\000m\000o\000n\000o\000t\000o\000n\000a\000\040\000c\000r\000e\000s\000c\000e\000n\000t\000e}{subsection.5.18}% 168
\BOOKMARK [3][-]{subsubsection.5.18.3}{\376\377\000C\000a\000s\000o\000\040\000Y\000\040\000d\000i\000s\000c\000r\000e\000t\000a}{subsection.5.18}% 169
\BOOKMARK [3][-]{subsubsection.5.18.4}{\376\377\000E\000s\000e\000m\000p\000i\000o\000\040\0001}{subsection.5.18}% 170
\BOOKMARK [3][-]{subsubsection.5.18.5}{\376\377\000E\000s\000e\000m\000p\000i\000o\000\040\0002}{subsection.5.18}% 171
\BOOKMARK [3][-]{subsubsection.5.18.6}{\376\377\000E\000s\000e\000m\000p\000i\000o\000\040\0003}{subsection.5.18}% 172
\BOOKMARK [3][-]{subsubsection.5.18.7}{\376\377\000E\000s\000e\000m\000p\000i\000o\000\040\0004}{subsection.5.18}% 173
\BOOKMARK [2][-]{subsection.5.19}{\376\377\000P\000r\000o\000b\000l\000e\000m\000a\000\040\000I\000n\000v\000e\000r\000s\000o\000\040\000\050\000A\000l\000l\000e\000\040\000T\000r\000a\000s\000f\000o\000r\000m\000a\000z\000i\000o\000n\000i\000\040\000d\000i\000\040\000V\000.\000A\000.\000\051}{section.5}% 174
\BOOKMARK [2][-]{subsection.5.20}{\376\377\000V\000a\000l\000o\000r\000\040\000M\000e\000d\000i\000o}{section.5}% 175
\BOOKMARK [3][-]{subsubsection.5.20.1}{\376\377\000E\000s\000e\000m\000p\000i\000o\000\040\000\050\000c\000a\000l\000c\000o\000l\000a\000r\000e\000\040\000v\000a\000l\000o\000r\000\040\000m\000e\000d\000i\000o\000\040\000V\000.\000A\000.\000\040\000d\000i\000s\000c\000r\000e\000t\000a\000\051}{subsection.5.20}% 176
\BOOKMARK [2][-]{subsection.5.21}{\376\377\000V\000a\000r\000i\000a\000n\000z\000a}{section.5}% 177
\BOOKMARK [3][-]{subsubsection.5.21.1}{\376\377\000E\000s\000e\000m\000p\000i\000o}{subsection.5.21}% 178
\BOOKMARK [2][-]{subsection.5.22}{\376\377\000T\000e\000o\000r\000e\000m\000a\000\040\000D\000e\000l\000l\040\031\000A\000s\000p\000e\000t\000t\000a\000z\000i\000o\000n\000e}{section.5}% 179
\BOOKMARK [3][-]{subsubsection.5.22.1}{\376\377\000D\000i\000m\000o\000s\000t\000r\000a\000z\000i\000o\000n\000e\000\040\000c\000a\000l\000c\000o\000l\000o\000\040\000v\000a\000l\000o\000r\000\040\000m\000e\000d\000i\000o\000\050\000C\000a\000s\000o\000\040\000X\000\040\000e\000\040\000Y\000\040\000d\000i\000s\000c\000r\000e\000t\000e\000\051}{subsection.5.22}% 180
\BOOKMARK [2][-]{subsection.5.23}{\376\377\000P\000r\000o\000p\000r\000i\000e\000t\000\340\000\040\000d\000e\000l\000l\000'\000o\000p\000e\000r\000a\000t\000o\000r\000e\000\040\000E}{section.5}% 181
\BOOKMARK [3][-]{subsubsection.5.23.1}{\376\377\000D\000i\000m\000o\000s\000t\000r\000a\000z\000i\000o\000n\000e\000\040\000d\000e\000l\000\040\0004}{subsection.5.23}% 182
\BOOKMARK [3][-]{subsubsection.5.23.2}{\376\377\000E\000s\000e\000m\000p\000i\000o}{subsection.5.23}% 183
\BOOKMARK [2][-]{subsection.5.24}{\376\377\000S\000c\000a\000r\000t\000o}{section.5}% 184
\BOOKMARK [2][-]{subsection.5.25}{\376\377\000M\000o\000m\000e\000n\000t\000i\000\040\000d\000i\000\040\000o\000r\000d\000i\000n\000e\000\040\000k\000\040\000d\000i\000\040\000u\000n\000a\000\040\000V\000.\000A\000\040\000X\000\040\000r\000i\000s\000p\000e\000t\000t\000o\000\040\000a\000l\000l\000a\000\040\000c\000o\000s\000t\000a\000n\000t\000e\000\040\000c}{section.5}% 185
\BOOKMARK [3][-]{subsubsection.5.25.1}{\376\377\000C\000a\000s\000o\000\040\000c\000\040\000=\000\040\0000}{subsection.5.25}% 186
\BOOKMARK [3][-]{subsubsection.5.25.2}{\376\377\000C\000a\000s\000o\000\040\000c\000\040\000=\000\040\000x}{subsection.5.25}% 187
\BOOKMARK [3][-]{subsubsection.5.25.3}{\376\377\000M\000o\000m\000e\000n\000t\000i\000\040\000o\000r\000d\000i\000n\000a\000r\000i\000\040\000n\000o\000t\000i}{subsection.5.25}% 188
\BOOKMARK [3][-]{subsubsection.5.25.4}{\376\377\000M\000o\000m\000e\000n\000t\000i\000\040\000c\000e\000n\000t\000a\000r\000l\000i\000\040\000n\000o\000t\000i}{subsection.5.25}% 189
\BOOKMARK [3][-]{subsubsection.5.25.5}{\376\377\000D\000a\000\040\000m\000o\000m\000e\000n\000t\000i\000\040\000c\000e\000n\000t\000r\000a\000l\000i\000\040\000a\000\040\000m\000o\000m\000e\000n\000t\000i\000\040\000o\000r\000d\000i\000n\000a\000r\000i}{subsection.5.25}% 190
\BOOKMARK [3][-]{subsubsection.5.25.6}{\376\377\000D\000a\000\040\000m\000o\000m\000e\000n\000t\000i\000\040\000o\000r\000d\000i\000n\000a\000r\000i\000\040\000a\000\040\000m\000o\000m\000e\000n\000t\000i\000\040\000c\000e\000n\000t\000r\000a\000l\000i}{subsection.5.25}% 191
\BOOKMARK [3][-]{subsubsection.5.25.7}{\376\377\000L\000e\000g\000a\000m\000e\000\040\000t\000r\000a\000\040\000v\000a\000l\000o\000r\000e\000\040\000q\000u\000a\000d\000r\000a\000t\000i\000c\000o\000\040\000m\000e\000d\000i\000o\000\040\000e\000\040\000v\000a\000r\000i\000a\000n\000z\000a\000:}{subsection.5.25}% 192
\BOOKMARK [3][-]{subsubsection.5.25.8}{\376\377\000L\000e\000g\000a\000m\000e\000\040\000i\000m\000p\000o\000r\000t\000a\000n\000t\000e\000\040\000p\000e\000r\000\040\000i\000l\000\040\000c\000a\000l\000c\000o\000l\000o\000\040\000d\000e\000l\000l\000a\000\040\000v\000a\000r\000i\000a\000n\000z\000a\000:}{subsection.5.25}% 193
\BOOKMARK [2][-]{subsection.5.26}{\376\377\000D\000i\000s\000u\000g\000u\000a\000g\000l\000i\000a\000n\000z\000a\000\040\000d\000i\000\040\000C\000h\000e\000b\000y\000c\000h\000e\000v}{section.5}% 194
\BOOKMARK [3][-]{subsubsection.5.26.1}{\376\377\000D\000i\000m\000o\000s\000t\000r\000a\000z\000i\000o\000n\000e}{subsection.5.26}% 195
\BOOKMARK [2][-]{subsection.5.27}{\376\377\000F\000u\000n\000z\000i\000o\000n\000e\000\040\000C\000a\000r\000a\000t\000t\000e\000r\000i\000s\000t\000i\000c\000a}{section.5}% 196
\BOOKMARK [2][-]{subsection.5.28}{\376\377\000M\000G\000F\000:\000\040\000F\000u\000n\000z\000i\000o\000n\000e\000\040\000G\000e\000n\000e\000r\000a\000t\000r\000i\000c\000e\000\040\000d\000i\000\040\000M\000o\000m\000e\000n\000t\000i}{section.5}% 197
\BOOKMARK [3][-]{subsubsection.5.28.1}{\376\377\000D\000i\000m\000o\000s\000t\000r\000a\000z\000i\000o\000n\000e}{subsection.5.28}% 198
\BOOKMARK [2][-]{subsection.5.29}{\376\377\000M\000o\000d\000a}{section.5}% 199
\BOOKMARK [3][-]{subsubsection.5.29.1}{\376\377\000C\000a\000s\000o\000\040\000d\000i\000s\000c\000r\000e\000t\000o}{subsection.5.29}% 200
\BOOKMARK [3][-]{subsubsection.5.29.2}{\376\377\000C\000a\000s\000o\000\040\000c\000o\000n\000t\000i\000n\000u\000o}{subsection.5.29}% 201
\BOOKMARK [2][-]{subsection.5.30}{\376\377\000M\000e\000d\000i\000a\000n\000a}{section.5}% 202
\BOOKMARK [3][-]{subsubsection.5.30.1}{\376\377\000C\000a\000l\000c\000o\000l\000a\000r\000e\000\040\000m\000e\000d\000i\000a\000n\000a\000\040\000c\000a\000s\000o\000\040\000c\000o\000n\000t\000i\000n\000u\000o}{subsection.5.30}% 203
\BOOKMARK [3][-]{subsubsection.5.30.2}{\376\377\000C\000a\000l\000c\000o\000l\000a\000r\000e\000\040\000m\000e\000d\000i\000a\000n\000a\000\040\000c\000a\000s\000o\000\040\000d\000i\000s\000c\000r\000e\000t\000o}{subsection.5.30}% 204
\BOOKMARK [2][-]{subsection.5.31}{\376\377\000C\000D\000F\000\040\000C\000o\000n\000d\000i\000z\000i\000o\000n\000a\000t\000a}{section.5}% 205
\BOOKMARK [3][-]{subsubsection.5.31.1}{\376\377\000P\000r\000o\000p\000r\000i\000e\000t\000\340}{subsection.5.31}% 206
\BOOKMARK [2][-]{subsection.5.32}{\376\377\000P\000D\000F\000\040\000C\000o\000n\000d\000i\000z\000i\000o\000n\000a\000t\000a}{section.5}% 207
\BOOKMARK [3][-]{subsubsection.5.32.1}{\376\377\000P\000r\000o\000p\000r\000i\000e\000t\000\340}{subsection.5.32}% 208
\BOOKMARK [3][-]{subsubsection.5.32.2}{\376\377\000E\000s\000e\000m\000p\000i\000o}{subsection.5.32}% 209
\BOOKMARK [2][-]{subsection.5.33}{\376\377\000T\000e\000o\000r\000e\000m\000a\000\040\000d\000e\000l\000l\000a\000\040\000P\000r\000o\000b\000a\000b\000i\000l\000i\000t\000\340\000\040\000T\000o\000t\000a\000l\000e\000\040\000C\000o\000n\000d\000i\000z\000i\000o\000n\000a\000t\000a}{section.5}% 210
\BOOKMARK [2][-]{subsection.5.34}{\376\377\000V\000a\000l\000o\000r\000\040\000M\000e\000d\000i\000o\000\040\000C\000o\000n\000d\000i\000z\000i\000o\000n\000a\000t\000o}{section.5}% 211
\BOOKMARK [2][-]{subsection.5.35}{\376\377\000S\000t\000u\000d\000i\000o\000\040\000V\000a\000r\000i\000a\000b\000i\000l\000i\000\040\000A\000l\000e\000a\000t\000o\000r\000i\000e\000\040\000U\000n\000i\000f\000o\000r\000m\000i}{section.5}% 212
\BOOKMARK [3][-]{subsubsection.5.35.1}{\376\377\000C\000a\000l\000c\000o\000l\000a\000r\000e\000\040\000i\000l\000\040\000v\000a\000l\000o\000r\000\040\000m\000e\000d\000i\000o\000\040\000d\000i\000\040\000u\000n\000a\000\040\000V\000.\000A\000\040\000u\000n\000i\000f\000o\000r\000m\000e}{subsection.5.35}% 213
\BOOKMARK [3][-]{subsubsection.5.35.2}{\376\377\000C\000a\000l\000c\000o\000l\000a\000r\000e\000\040\000i\000l\000\040\000v\000a\000l\000o\000r\000e\000\040\000q\000u\000a\000d\000r\000a\000t\000i\000c\000o\000\040\000m\000e\000d\000i\000o\000\040\000d\000i\000\040\000u\000n\000a\000\040\000V\000.\000A\000\040\000u\000n\000i\000f\000o\000r\000m\000e}{subsection.5.35}% 214
\BOOKMARK [3][-]{subsubsection.5.35.3}{\376\377\000C\000a\000l\000c\000o\000l\000a\000r\000e\000\040\000l\000a\000\040\000v\000a\000r\000i\000a\000n\000z\000a\000\040\000d\000i\000\040\000u\000n\000a\000\040\000V\000.\000A\000\040\000u\000n\000i\000f\000o\000r\000m\000e}{subsection.5.35}% 215
\BOOKMARK [2][-]{subsection.5.36}{\376\377\000S\000t\000u\000d\000i\000o\000\040\000V\000a\000r\000i\000a\000b\000i\000l\000i\000\040\000A\000l\000e\000a\000t\000o\000r\000i\000e\000\040\000E\000s\000p\000o\000n\000e\000n\000z\000i\000a\000l\000i}{section.5}% 216
\BOOKMARK [3][-]{subsubsection.5.36.1}{\376\377\000C\000a\000l\000c\000o\000l\000a\000r\000e\000\040\000i\000l\000\040\000v\000a\000l\000o\000r\000\040\000m\000e\000d\000i\000o\000\040\000d\000i\000\040\000u\000n\000a\000\040\000V\000.\000A\000\040\000e\000s\000p\000o\000n\000e\000n\000z\000i\000a\000l\000e}{subsection.5.36}% 217
\BOOKMARK [3][-]{subsubsection.5.36.2}{\376\377\000C\000a\000l\000c\000o\000l\000a\000r\000e\000\040\000i\000l\000\040\000v\000a\000l\000o\000r\000e\000\040\000q\000u\000a\000d\000r\000a\000t\000i\000c\000o\000\040\000m\000e\000d\000i\000o\000\040\000d\000i\000\040\000u\000n\000a\000\040\000V\000.\000A\000\040\000e\000s\000p\000o\000n\000e\000n\000z\000i\000a\000l\000e}{subsection.5.36}% 218
\BOOKMARK [3][-]{subsubsection.5.36.3}{\376\377\000C\000a\000l\000c\000o\000l\000a\000r\000e\000\040\000l\000a\000\040\000v\000a\000r\000i\000a\000n\000z\000a\000\040\000d\000i\000\040\000u\000n\000a\000\040\000V\000.\000A\000\040\000e\000s\000p\000o\000n\000e\000n\000z\000i\000a\000l\000e}{subsection.5.36}% 219
\BOOKMARK [3][-]{subsubsection.5.36.4}{\376\377\000P\000r\000o\000p\000r\000i\000e\000t\000\340\000\040\000d\000i\000\040\000a\000s\000s\000e\000n\000z\000a\000\040\000d\000i\000\040\000m\000e\000m\000o\000r\000i\000a\000\040\000d\000e\000l\000l\000a\000\040\000d\000i\000s\000t\000r\000i\000b\000u\000z\000i\000o\000n\000e\000\040\000e\000s\000p\000o\000n\000e\000n\000z\000i\000a\000l\000e}{subsection.5.36}% 220
\BOOKMARK [2][-]{subsection.5.37}{\376\377\000S\000t\000u\000d\000i\000o\000\040\000V\000a\000r\000i\000a\000b\000i\000l\000i\000\040\000A\000l\000e\000a\000t\000o\000r\000i\000e\000\040\000G\000a\000u\000s\000s\000i\000a\000n\000e}{section.5}% 221
\BOOKMARK [3][-]{subsubsection.5.37.1}{\376\377\000P\000r\000e\000m\000e\000s\000s\000a}{subsection.5.37}% 222
\BOOKMARK [3][-]{subsubsection.5.37.2}{\376\377\000C\000a\000l\000c\000o\000l\000a\000r\000e\000\040\000v\000a\000l\000o\000r\000\040\000m\000e\000d\000i\000o\000\050\000e\000\040\000m\000o\000m\000e\000n\000t\000i\000\040\000o\000r\000d\000i\000n\000a\000r\000i\000\040\000d\000i\000\040\000o\000r\000d\000i\000n\000e\000\040\000d\000i\000s\000p\000a\000r\000i\000\051\000\040\000V\000.\000A\000\040\000g\000a\000u\000s\000s\000i\000a\000n\000a\000\040\000s\000t\000a\000n\000d\000a\000r\000d}{subsection.5.37}% 223
\BOOKMARK [3][-]{subsubsection.5.37.3}{\376\377\000C\000a\000l\000c\000o\000l\000a\000r\000e\000\040\000v\000a\000l\000o\000r\000e\000\040\000q\000u\000a\000d\000r\000a\000t\000i\000c\000o\000\040\000m\000e\000d\000i\000o\000\050\000e\000\040\000m\000o\000m\000e\000n\000t\000i\000\040\000o\000r\000d\000i\000n\000a\000r\000i\000\040\000d\000i\000\040\000o\000r\000d\000i\000n\000e\000\040\000p\000a\000r\000i\000\051\000\040\000V\000.\000A\000\040\000g\000a\000u\000s\000s\000i\000a\000n\000a\000\040\000s\000t\000a\000n\000d\000a\000r\000d}{subsection.5.37}% 224
\BOOKMARK [3][-]{subsubsection.5.37.4}{\376\377\000C\000a\000l\000c\000o\000l\000a\000r\000e\000\040\000i\000\040\000M\000o\000m\000e\000n\000t\000i\000\040\000d\000e\000l\000l\000a\000\040\000G\000a\000u\000s\000s\000i\000a\000n\000a\000\040\000G\000e\000n\000e\000r\000i\000c\000a\000\040\000t\000r\000a\000m\000i\000t\000e\000\040\000l\000a\000\040\000G\000a\000u\000s\000s\000i\000a\000n\000a\000\040\000S\000t\000a\000n\000d\000a\000r\000d}{subsection.5.37}% 225
\BOOKMARK [3][-]{subsubsection.5.37.5}{\376\377\000C\000a\000l\000c\000o\000l\000a\000r\000e\000\040\000i\000l\000\040\000v\000a\000l\000o\000r\000\040\000m\000e\000d\000i\000o\000\040\000d\000i\000\040\000u\000n\000a\000\040\000V\000.\000A\000\040\000g\000a\000u\000s\000s\000i\000a\000n\000a\000\040\000g\000e\000n\000e\000r\000i\000c\000a}{subsection.5.37}% 226
\BOOKMARK [3][-]{subsubsection.5.37.6}{\376\377\000C\000a\000l\000c\000o\000l\000a\000r\000e\000\040\000i\000l\000\040\000v\000a\000l\000o\000r\000e\000\040\000q\000u\000a\000d\000r\000a\000t\000i\000c\000o\000\040\000m\000e\000d\000i\000o\000\040\000d\000i\000\040\000u\000n\000a\000\040\000V\000.\000A\000\040\000g\000a\000u\000s\000s\000i\000a\000n\000a\000\040\000g\000e\000n\000e\000r\000i\000c\000a}{subsection.5.37}% 227
\BOOKMARK [3][-]{subsubsection.5.37.7}{\376\377\000C\000a\000l\000c\000o\000l\000a\000r\000e\000\040\000l\000a\000\040\000v\000a\000r\000i\000a\000n\000z\000a\000\040\000d\000i\000\040\000u\000n\000a\000\040\000V\000.\000A\000\040\000g\000a\000u\000s\000s\000i\000a\000n\000a\000\040\000g\000e\000n\000e\000r\000i\000c\000a}{subsection.5.37}% 228
\BOOKMARK [3][-]{subsubsection.5.37.8}{\376\377\000C\000a\000l\000c\000o\000l\000a\000r\000e\000\040\000l\000a\000\040\000m\000o\000d\000a\000\040\000d\000i\000\040\000u\000n\000a\000\040\000V\000.\000A\000\040\000g\000a\000u\000s\000s\000i\000a\000n\000a\000\040\000g\000e\000n\000e\000r\000i\000c\000a}{subsection.5.37}% 229
\BOOKMARK [3][-]{subsubsection.5.37.9}{\376\377\000C\000a\000l\000c\000o\000l\000a\000r\000e\000\040\000l\000a\000\040\000m\000e\000d\000i\000a\000n\000a\000\040\000d\000i\000\040\000u\000n\000a\000\040\000V\000.\000A\000\040\000g\000a\000u\000s\000s\000i\000a\000n\000a\000\040\000g\000e\000n\000e\000r\000i\000c\000a}{subsection.5.37}% 230
\BOOKMARK [3][-]{subsubsection.5.37.10}{\376\377\000D\000i\000m\000o\000s\000t\000r\000a\000z\000i\000o\000n\000e\000\040\000p\000r\000o\000p\000r\000i\000e\000t\000\340\000\040\000n\000o\000r\000m\000a\000l\000i\000z\000z\000a\000z\000i\000o\000n\000e\000\040\000V\000.\000A\000\040\000g\000a\000u\000s\000s\000i\000a\000n\000e}{subsection.5.37}% 231
\BOOKMARK [2][-]{subsection.5.38}{\376\377\000S\000t\000u\000d\000i\000o\000\040\000V\000a\000r\000i\000a\000b\000i\000l\000i\000\040\000A\000l\000e\000a\000t\000o\000r\000i\000e\000\040\000B\000i\000n\000o\000m\000i\000a\000l\000i}{section.5}% 232
\BOOKMARK [3][-]{subsubsection.5.38.1}{\376\377\000C\000a\000l\000c\000o\000l\000a\000r\000e\000\040\000l\000a\000\040\000m\000o\000d\000a\000\040\000d\000i\000\040\000u\000n\000a\000\040\000V\000.\000A\000\040\000b\000i\000n\000o\000m\000i\000a\000l\000e}{subsection.5.38}% 233
\BOOKMARK [3][-]{subsubsection.5.38.2}{\376\377\000C\000a\000l\000c\000o\000l\000a\000r\000e\000\040\000i\000\040\000m\000o\000m\000e\000n\000t\000i\000\040\000o\000r\000d\000i\000n\000a\000r\000i\000\040\000d\000i\000\040\000u\000n\000a\000\040\000V\000.\000A\000\040\000d\000i\000\040\000B\000e\000r\000n\000o\000u\000l\000l\000i}{subsection.5.38}% 234
\BOOKMARK [3][-]{subsubsection.5.38.3}{\376\377\000C\000a\000l\000c\000o\000l\000a\000r\000e\000\040\000i\000l\000\040\000v\000a\000l\000o\000r\000\040\000m\000e\000d\000i\000o\000\040\000d\000i\000\040\000u\000n\000a\000\040\000V\000.\000A\000\040\000b\000i\000n\000o\000m\000i\000a\000l\000e\000\050\000n\000\040\000=\000\040\0001\000\051}{subsection.5.38}% 235
\BOOKMARK [3][-]{subsubsection.5.38.4}{\376\377\000C\000a\000l\000c\000o\000l\000a\000r\000e\000\040\000i\000l\000\040\000v\000a\000l\000o\000r\000e\000\040\000q\000u\000a\000d\000r\000a\000t\000i\000c\000o\000\040\000m\000e\000d\000i\000o\000\040\000d\000i\000\040\000u\000n\000a\000\040\000V\000.\000A\000\040\000b\000i\000n\000o\000m\000i\000a\000l\000e\000\050\000n\000\040\000=\000\040\0001\000\051}{subsection.5.38}% 236
\BOOKMARK [3][-]{subsubsection.5.38.5}{\376\377\000C\000a\000l\000c\000o\000l\000a\000r\000e\000\040\000l\000a\000\040\000v\000a\000r\000i\000a\000n\000z\000a\000\040\000d\000i\000\040\000u\000n\000a\000\040\000V\000.\000A\000\040\000b\000i\000n\000o\000m\000i\000a\000l\000e\000\050\000n\000\040\000=\000\040\0001\000\051}{subsection.5.38}% 237
\BOOKMARK [3][-]{subsubsection.5.38.6}{\376\377\000C\000a\000l\000c\000o\000l\000a\000r\000e\000\040\000i\000l\000\040\000v\000a\000l\000o\000r\000\040\000m\000e\000d\000i\000o\000\040\000d\000i\000\040\000u\000n\000a\000\040\000V\000.\000A\000\040\000b\000i\000n\000o\000m\000i\000a\000l\000e\000\050\000n\000\040\000=\000\040\000n\000\051}{subsection.5.38}% 238
\BOOKMARK [3][-]{subsubsection.5.38.7}{\376\377\000C\000a\000l\000c\000o\000l\000a\000r\000e\000\040\000l\000a\000\040\000v\000a\000r\000i\000a\000n\000z\000a\000\040\000d\000i\000\040\000u\000n\000a\000\040\000V\000.\000A\000\040\000b\000i\000n\000o\000m\000i\000a\000l\000e\000\050\000n\000\040\000=\000\040\000n\000\051}{subsection.5.38}% 239
\BOOKMARK [2][-]{subsection.5.39}{\376\377\000S\000t\000u\000d\000i\000o\000\040\000V\000a\000r\000i\000a\000b\000i\000l\000i\000\040\000A\000l\000e\000a\000t\000o\000r\000i\000e\000\040\000d\000i\000\040\000P\000o\000i\000s\000s\000o\000n}{section.5}% 240
\BOOKMARK [3][-]{subsubsection.5.39.1}{\376\377\000D\000i\000m\000o\000s\000t\000r\000a\000z\000i\000o\000n\000e\000\040\000p\000r\000o\000p\000r\000i\000e\000t\000\340\000\040\000n\000o\000r\000m\000a\000l\000i\000z\000z\000a\000z\000i\000o\000n\000e\000\040\000V\000.\000A\000\040\000d\000i\000\040\000P\000o\000i\000s\000s\000o\000n}{subsection.5.39}% 241
\BOOKMARK [3][-]{subsubsection.5.39.2}{\376\377\000C\000a\000l\000c\000o\000l\000a\000r\000e\000\040\000i\000l\000\040\000v\000a\000l\000o\000r\000\040\000m\000e\000d\000i\000o\000\040\000d\000i\000\040\000u\000n\000a\000\040\000V\000.\000A\000\040\000d\000i\000\040\000P\000o\000i\000s\000s\000o\000n}{subsection.5.39}% 242
\BOOKMARK [3][-]{subsubsection.5.39.3}{\376\377\000C\000a\000l\000c\000o\000l\000a\000r\000e\000\040\000i\000l\000\040\000v\000a\000l\000o\000r\000e\000\040\000q\000u\000a\000d\000r\000a\000t\000i\000c\000o\000\040\000m\000e\000d\000i\000o\000\040\000d\000i\000\040\000u\000n\000a\000\040\000V\000.\000A\000\040\000d\000i\000\040\000P\000o\000i\000s\000s\000o\000n}{subsection.5.39}% 243
\BOOKMARK [3][-]{subsubsection.5.39.4}{\376\377\000C\000a\000l\000c\000o\000l\000a\000r\000e\000\040\000l\000a\000\040\000v\000a\000r\000i\000a\000n\000z\000a\000\040\000d\000i\000\040\000u\000n\000a\000\040\000V\000.\000A\000\040\000d\000i\000\040\000P\000o\000i\000s\000s\000o\000n}{subsection.5.39}% 244
\BOOKMARK [3][-]{subsubsection.5.39.5}{\376\377\000C\000a\000l\000c\000o\000l\000a\000r\000e\000\040\000l\000a\000\040\000m\000o\000d\000a\000\040\000d\000i\000\040\000u\000n\000a\000\040\000V\000.\000A\000\040\000d\000i\000\040\000P\000o\000i\000s\000s\000o\000n}{subsection.5.39}% 245
\BOOKMARK [2][-]{subsection.5.40}{\376\377\000\040\000R\000e\000g\000o\000l\000a\000\040\000d\000i\000\040\000D\000e\000c\000i\000s\000i\000o\000n\000e\000\040\000/\000\040\000T\000e\000c\000n\000i\000c\000a\000\040\000R\000a\000d\000a\000r\000\040\000/\000\040\000R\000i\000l\000e\000v\000a\000m\000e\000n\000t\000o\000\040\000E\000r\000r\000o\000r\000e}{section.5}% 246
\BOOKMARK [2][-]{subsection.5.41}{\376\377\000E\000s\000e\000m\000p\000i\000\040\000e\000d\000\040\000E\000s\000e\000r\000c\000i\000z\000i\000\040\000s\000u\000l\000\040\000C\000a\000p\000i\000t\000o\000l\000o}{section.5}% 247
\BOOKMARK [3][-]{subsubsection.5.41.1}{\376\377\000E\000s\000e\000m\000p\000i\000o\000\040\000s\000u\000l\000\040\000t\000e\000o\000r\000e\000m\000a\000\040\000f\000o\000n\000d\000a\000m\000e\000n\000t\000a\000l\000e}{subsection.5.41}% 248
\BOOKMARK [4][-]{paragraph.5.41.1.1}{\376\377\000R\000i\000p\000a\000s\000s\000o\000\040\000T\000e\000o\000r\000e\000m\000a\000\040\000F\000o\000n\000d\000a\000m\000e\000n\000t\000a\000l\000e}{subsubsection.5.41.1}% 249
\BOOKMARK [4][-]{paragraph.5.41.1.2}{\376\377\000G\000e\000n\000e\000r\000a\000l\000i\000z\000z\000a\000n\000d\000o}{subsubsection.5.41.1}% 250
\BOOKMARK [3][-]{subsubsection.5.41.2}{\376\377\000E\000s\000e\000m\000p\000i\000o\000\050\000E\000s\000e\000r\000c\000i\000z\000i\000o\000\040\000n\000u\000m\000e\000r\000o\000\040\0006\000\051}{subsection.5.41}% 251
\BOOKMARK [3][-]{subsubsection.5.41.3}{\376\377\000E\000s\000e\000m\000p\000i\000o}{subsection.5.41}% 252
\BOOKMARK [3][-]{subsubsection.5.41.4}{\376\377\000E\000s\000e\000m\000p\000i\000o}{subsection.5.41}% 253
\BOOKMARK [3][-]{subsubsection.5.41.5}{\376\377\000E\000s\000e\000m\000p\000i\000o\000\050\000E\000s\000e\000r\000c\000i\000z\000i\000o\000\040\000n\000u\000m\000e\000r\000o\000\040\0001\0001\000\051}{subsection.5.41}% 254
\BOOKMARK [3][-]{subsubsection.5.41.6}{\376\377\000E\000s\000e\000r\000c\000i\000z\000i\000o\000\040\0006\000.\0001\000\040\000B\000o\000n\000o\000n\000i\000\040\000F\000e\000r\000r\000a\000r\000i}{subsection.5.41}% 255
\BOOKMARK [3][-]{subsubsection.5.41.7}{\376\377\000E\000s\000e\000r\000c\000i\000z\000i\000o\000\040\0006\000.\0003\000\040\000B\000o\000n\000o\000n\000i\000\040\000F\000e\000r\000r\000a\000r\000i}{subsection.5.41}% 256
\BOOKMARK [3][-]{subsubsection.5.41.8}{\376\377\000E\000s\000e\000r\000c\000i\000z\000i\000o\000\040\0006\000.\0004\000\040\000B\000o\000n\000o\000n\000i\000\040\000F\000e\000r\000r\000a\000r\000i}{subsection.5.41}% 257
\BOOKMARK [3][-]{subsubsection.5.41.9}{\376\377\000E\000s\000e\000r\000c\000i\000z\000i\000o\000\040\0006\000.\0007\000\040\000B\000o\000n\000o\000n\000i\000\040\000F\000e\000r\000r\000a\000r\000i}{subsection.5.41}% 258
\BOOKMARK [3][-]{subsubsection.5.41.10}{\376\377\000E\000s\000e\000r\000c\000i\000z\000i\000o\000\040\0006\000.\0001\0003\000\040\000B\000o\000n\000o\000n\000i\000\040\000F\000e\000r\000r\000a\000r\000i}{subsection.5.41}% 259
\BOOKMARK [3][-]{subsubsection.5.41.11}{\376\377\000E\000s\000e\000r\000c\000i\000z\000i\000o\000\040\0007\000.\0002\000\040\000B\000o\000n\000o\000n\000i\000\040\000F\000e\000r\000r\000a\000r\000i}{subsection.5.41}% 260
\BOOKMARK [3][-]{subsubsection.5.41.12}{\376\377\000E\000s\000e\000r\000c\000i\000z\000i\000o\000\040\0007\000.\0003\000\040\000B\000o\000n\000o\000n\000i\000\040\000F\000e\000r\000r\000a\000r\000i}{subsection.5.41}% 261
\BOOKMARK [3][-]{subsubsection.5.41.13}{\376\377\000E\000s\000e\000r\000c\000i\000z\000i\000o\000\040\0007\000.\0004\000\040\000B\000o\000n\000o\000n\000i\000\040\000F\000e\000r\000r\000a\000r\000i}{subsection.5.41}% 262
\BOOKMARK [3][-]{subsubsection.5.41.14}{\376\377\000E\000s\000e\000r\000c\000i\000z\000i\000o\000\040\0007\000.\0006\000\040\000B\000o\000n\000o\000n\000i\000\040\000F\000e\000r\000r\000a\000r\000i}{subsection.5.41}% 263
\BOOKMARK [3][-]{subsubsection.5.41.15}{\376\377\000E\000s\000e\000r\000c\000i\000z\000i\000o\000\040\0007\000.\0008\000\040\000B\000o\000n\000o\000n\000i\000\040\000F\000e\000r\000r\000a\000r\000i}{subsection.5.41}% 264
\BOOKMARK [3][-]{subsubsection.5.41.16}{\376\377\000E\000s\000e\000r\000c\000i\000z\000i\000o\000\040\0008\000.\0007\000\040\000B\000o\000n\000o\000n\000i\000\040\000F\000e\000r\000r\000a\000r\000i}{subsection.5.41}% 265
\BOOKMARK [3][-]{subsubsection.5.41.17}{\376\377\000E\000s\000e\000r\000c\000i\000z\000i\000o\000\040\0008\000.\0001\000\040\000B\000o\000n\000o\000n\000i\000\040\000F\000e\000r\000r\000a\000r\000i}{subsection.5.41}% 266
\BOOKMARK [3][-]{subsubsection.5.41.18}{\376\377\000E\000s\000e\000r\000c\000i\000z\000i\000o\000\040\0008\000.\0003\000\040\000B\000o\000n\000o\000n\000i\000\040\000F\000e\000r\000r\000a\000r\000i}{subsection.5.41}% 267
\BOOKMARK [1][-]{section.6}{\376\377\000V\000e\000t\000t\000o\000r\000i\000\040\000A\000l\000e\000a\000t\000o\000r\000i\000\040\000\050\000S\000i\000s\000t\000e\000m\000i\000\040\000d\000i\000\040\000V\000a\000r\000i\000a\000b\000i\000l\000i\000\040\000A\000l\000e\000a\000t\000o\000r\000i\000e\000\051}{}% 268
\BOOKMARK [2][-]{subsection.6.1}{\376\377\000D\000e\000f\000i\000n\000i\000z\000i\000o\000n\000e}{section.6}% 269
\BOOKMARK [2][-]{subsection.6.2}{\376\377\000S\000i\000s\000t\000e\000m\000a\000\040\000d\000i\000\040\000P\000r\000o\000b\000a\000b\000i\000l\000i\000t\000\340\000\040\000p\000e\000r\000\040\000V\000e\000t\000t\000o\000r\000i\000\040\000A\000l\000e\000a\000t\000o\000r\000i\000\040\000\050\000D\000a\000\040\000f\000i\000n\000i\000r\000e\000\051}{section.6}% 270
\BOOKMARK [2][-]{subsection.6.3}{\376\377\000D\000i\000s\000t\000i\000n\000z\000i\000o\000n\000e\000\040\000f\000r\000a\000\040\000T\000r\000a\000s\000f\000o\000r\000m\000a\000z\000i\000o\000n\000i\000\040\000d\000i\000\040\000V\000.\000A\000\040\000e\000\040\000V\000e\000t\000t\000o\000r\000i\000\040\000A\000l\000e\000a\000t\000o\000r\000i}{section.6}% 271
\BOOKMARK [2][-]{subsection.6.4}{\376\377\000C\000D\000F\000\040\000c\000o\000n\000g\000i\000u\000n\000t\000a\000\040\000\050\000C\000D\000F\000\040\000p\000e\000r\000\040\000V\000e\000t\000t\000o\000r\000i\000\040\000A\000l\000e\000a\000t\000o\000r\000i\000\051}{section.6}% 272
\BOOKMARK [3][-]{subsubsection.6.4.1}{\376\377\000P\000r\000o\000p\000r\000i\000e\000t\000\340}{subsection.6.4}% 273
\BOOKMARK [4][-]{paragraph.6.4.1.1}{\376\377\000D\000i\000m\000o\000s\000t\000r\000a\000z\000i\000o\000n\000e}{subsubsection.6.4.1}% 274
\BOOKMARK [4][-]{paragraph.6.4.1.2}{\376\377\000D\000i\000m\000o\000s\000t\000r\000a\000z\000i\000o\000n\000e}{subsubsection.6.4.1}% 275
\BOOKMARK [2][-]{subsection.6.5}{\376\377\000V\000e\000t\000t\000o\000r\000i\000\040\000A\000l\000e\000a\000t\000o\000r\000i\000\040\000D\000i\000s\000c\000r\000e\000t\000i\000\040\000\050\000S\000i\000s\000t\000e\000m\000i\000\040\000d\000i\000\040\000V\000.\000A\000\040\000D\000i\000s\000c\000r\000e\000t\000e\000\051}{section.6}% 276
\BOOKMARK [3][-]{subsubsection.6.5.1}{\376\377\000C\000a\000l\000c\000o\000l\000a\000r\000e\000\040\000p\000r\000o\000b\000a\000b\000i\000l\000i\000t\000\340\000\040\000c\000h\000e\000\040\000d\000u\000e\000\040\000v\000a\000l\000o\000r\000i\000\040\000a\000p\000p\000a\000r\000t\000e\000n\000g\000a\000n\000o\000\040\000a\000d\000\040\000u\000n\000\040\000d\000o\000m\000i\000n\000i\000o\000\040\000t\000r\000a\000m\000i\000t\000e\000\040\000P\000M\000F\000\040\000c\000o\000n\000g\000i\000u\000n\000t\000a}{subsection.6.5}% 277
\BOOKMARK [3][-]{subsubsection.6.5.2}{\376\377\000C\000a\000l\000c\000o\000l\000a\000r\000e\000\040\000l\000e\000\040\000m\000a\000s\000s\000e\000\040\000d\000i\000\040\000p\000r\000o\000b\000a\000b\000i\000l\000i\000t\000\340\000\040\000m\000a\000r\000g\000i\000n\000a\000l\000i}{subsection.6.5}% 278
\BOOKMARK [3][-]{subsubsection.6.5.3}{\376\377\000E\000s\000e\000m\000p\000i\000o\000\040\0001}{subsection.6.5}% 279
\BOOKMARK [3][-]{subsubsection.6.5.4}{\376\377\000E\000s\000e\000m\000p\000i\000o\000\040\0002}{subsection.6.5}% 280
\BOOKMARK [2][-]{subsection.6.6}{\376\377\000P\000D\000F\000\040\000C\000o\000n\000g\000i\000u\000n\000t\000a}{section.6}% 281
\BOOKMARK [2][-]{subsection.6.7}{\376\377\000V\000e\000t\000t\000o\000r\000i\000\040\000A\000l\000e\000a\000t\000o\000r\000i\000\040\000C\000o\000n\000t\000i\000n\000u\000i\000\040\000\050\000S\000i\000s\000t\000e\000m\000i\000\040\000d\000i\000\040\000V\000.\000A\000\040\000C\000o\000n\000t\000i\000n\000u\000e\000\051}{section.6}% 282
\BOOKMARK [3][-]{subsubsection.6.7.1}{\376\377\000D\000i\000m\000o\000s\000t\000r\000a\000z\000i\000o\000n\000e\000\050\000P\000D\000F\000\040\000C\000o\000n\000g\000i\000u\000n\000t\000a\000\040\0000\000\051}{subsection.6.7}% 283
\BOOKMARK [3][-]{subsubsection.6.7.2}{\376\377\000C\000a\000l\000c\000o\000l\000a\000r\000e\000\040\000p\000r\000o\000b\000a\000b\000i\000l\000i\000t\000\340\000\040\000t\000r\000a\000m\000i\000t\000e\000\040\000P\000D\000F\000\040\000c\000o\000n\000g\000i\000u\000n\000t\000a}{subsection.6.7}% 284
\BOOKMARK [3][-]{subsubsection.6.7.3}{\376\377\000C\000a\000l\000c\000o\000l\000a\000r\000e\000\040\000p\000r\000o\000b\000a\000b\000i\000l\000i\000t\000\340\000\040\000c\000h\000e\000\040\000d\000u\000e\000\040\000v\000a\000l\000o\000r\000i\000\040\000a\000p\000p\000a\000r\000t\000e\000n\000g\000a\000n\000o\000\040\000a\000d\000\040\000u\000n\000\040\000d\000o\000m\000i\000n\000i\000o\000\040\000t\000r\000a\000m\000i\000t\000e\000\040\000P\000D\000F\000\040\000c\000o\000n\000g\000i\000u\000n\000t\000a}{subsection.6.7}% 285
\BOOKMARK [3][-]{subsubsection.6.7.4}{\376\377\000L\000a\000\040\000P\000D\000F\000\040\000c\000o\000n\000g\000i\000u\000n\000t\000a\000\040\000s\000o\000d\000d\000i\000s\000f\000a\000\040\000l\000a\000\040\000p\000r\000o\000p\000r\000i\000e\000t\000\340\000\040\000d\000i\000\040\000n\000o\000r\000m\000a\000l\000i\000z\000z\000a\000z\000i\000o\000n\000e}{subsection.6.7}% 286
\BOOKMARK [3][-]{subsubsection.6.7.5}{\376\377\000C\000a\000l\000c\000o\000l\000a\000r\000e\000\040\000C\000D\000F\000\040\000c\000o\000n\000g\000i\000u\000n\000t\000a\000\040\000d\000a\000\040\000P\000D\000F\000\040\000c\000o\000n\000g\000i\000u\000n\000t\000a}{subsection.6.7}% 287
\BOOKMARK [3][-]{subsubsection.6.7.6}{\376\377\000C\000a\000l\000c\000o\000l\000a\000r\000e\000\040\000C\000D\000F\000\040\000m\000a\000r\000g\000i\000n\000a\000l\000e\000\040\000i\000n\000\040\000x\000\040\000d\000a\000\040\000P\000D\000F\000\040\000c\000o\000n\000g\000i\000u\000n\000t\000a}{subsection.6.7}% 288
\BOOKMARK [3][-]{subsubsection.6.7.7}{\376\377\000C\000a\000l\000c\000o\000l\000a\000r\000e\000\040\000C\000D\000F\000\040\000m\000a\000r\000g\000i\000n\000a\000l\000e\000\040\000i\000n\000\040\000y\000\040\000d\000a\000\040\000P\000D\000F\000\040\000c\000o\000n\000g\000i\000u\000n\000t\000a}{subsection.6.7}% 289
\BOOKMARK [3][-]{subsubsection.6.7.8}{\376\377\000C\000a\000l\000c\000o\000l\000a\000r\000e\000\040\000P\000D\000F\000\040\000m\000a\000r\000g\000i\000n\000a\000l\000e\000\040\000i\000n\000\040\000x\000\040\000d\000a\000\040\000P\000D\000F\000\040\000c\000o\000n\000g\000i\000u\000n\000t\000a}{subsection.6.7}% 290
\BOOKMARK [3][-]{subsubsection.6.7.9}{\376\377\000C\000a\000l\000c\000o\000l\000a\000r\000e\000\040\000P\000D\000F\000\040\000m\000a\000r\000g\000i\000n\000a\000l\000e\000\040\000i\000n\000\040\000y\000\040\000d\000a\000\040\000P\000D\000F\000\040\000c\000o\000n\000g\000i\000u\000n\000t\000a}{subsection.6.7}% 291
\BOOKMARK [2][-]{subsection.6.8}{\376\377\000P\000D\000F\000\040\000e\000\040\000C\000D\000F\000\040\000C\000o\000n\000d\000i\000z\000i\000o\000n\000a\000t\000e\000\040\000c\000o\000n\000\040\000C\000\040\000d\000e\000f\000i\000n\000i\000t\000o\000\040\000i\000n\000\040\000f\000u\000n\000z\000i\000o\000n\000e\000\040\000d\000i\000\040\000u\000n\040\031\000a\000l\000t\000r\000a\000\040\000V\000.\000A}{section.6}% 292
\BOOKMARK [3][-]{subsubsection.6.8.1}{\376\377\000C\000a\000s\000o\000\040\000d\000i\000s\000c\000r\000e\000t\000o}{subsection.6.8}% 293
\BOOKMARK [4][-]{paragraph.6.8.1.1}{\376\377\000T\000e\000o\000r\000e\000m\000a\000\040\000d\000i\000\040\000B\000a\000y\000e\000s}{subsubsection.6.8.1}% 294
\BOOKMARK [4][-]{paragraph.6.8.1.2}{\376\377\000T\000e\000o\000r\000e\000m\000a\000\040\000d\000e\000l\000l\000a\000\040\000P\000r\000o\000b\000a\000b\000i\000l\000i\000t\000\340\000\040\000T\000o\000t\000a\000l\000e}{subsubsection.6.8.1}% 295
\BOOKMARK [4][-]{paragraph.6.8.1.3}{\376\377\000C\000D\000F\000\040\000c\000o\000n\000d\000i\000z\000i\000o\000n\000a\000t\000a\000\040\000d\000i\000s\000c\000r\000e\000t\000a}{subsubsection.6.8.1}% 296
\BOOKMARK [4][-]{paragraph.6.8.1.4}{\376\377\000P\000D\000F\000\040\000c\000o\000n\000d\000i\000z\000i\000o\000n\000a\000t\000a\000\040\000d\000i\000s\000c\000r\000e\000t\000a}{subsubsection.6.8.1}% 297
\BOOKMARK [3][-]{subsubsection.6.8.2}{\376\377\000C\000a\000s\000o\000\040\000c\000o\000n\000t\000i\000n\000u\000o}{subsection.6.8}% 298
\BOOKMARK [4][-]{paragraph.6.8.2.1}{\376\377\000D\000i\000m\000o\000s\000t\000r\000a\000z\000i\000o\000n\000e\000\040\000t\000e\000o\000r\000e\000m\000a\000\040\000d\000i\000\040\000B\000a\000y\000e\000s\000\040\000C\000D\000F\000\040\000c\000o\000n\000d\000i\000z\000i\000o\000n\000a\000t\000a\000\040\000a\000d\000\040\000u\000n\000a\000\040\000V\000.\000A}{subsubsection.6.8.2}% 299
\BOOKMARK [4][-]{paragraph.6.8.2.2}{\376\377\000P\000D\000F\000\040\000d\000i\000\040\000X\000\040\000c\000o\000n\000d\000i\000z\000i\000o\000n\000a\000t\000a\000\040\000a\000d\000\040\000X}{subsubsection.6.8.2}% 300
\BOOKMARK [4][-]{paragraph.6.8.2.3}{\376\377\000P\000D\000F\000\040\000d\000i\000\040\000Y\000\040\000c\000o\000n\000d\000i\000z\000i\000o\000n\000a\000t\000a\000\040\000a\000d\000\040\000X}{subsubsection.6.8.2}% 301
\BOOKMARK [4][-]{paragraph.6.8.2.4}{\376\377\000T\000e\000o\000r\000e\000m\000a\000\040\000d\000e\000l\000l\000a\000\040\000p\000r\000o\000b\000a\000b\000i\000l\000i\000t\000\340\000\040\000t\000o\000t\000a\000l\000e}{subsubsection.6.8.2}% 302
\BOOKMARK [3][-]{subsubsection.6.8.3}{\376\377\000E\000s\000e\000m\000p\000i\000o}{subsection.6.8}% 303
\BOOKMARK [2][-]{subsection.6.9}{\376\377\000V\000e\000t\000t\000o\000r\000i\000\040\000d\000i\000\040\000V\000a\000r\000i\000a\000b\000i\000l\000i\000\040\000A\000l\000e\000a\000t\000o\000r\000i\000e\000\040\000I\000n\000d\000i\000p\000e\000n\000d\000e\000n\000t\000i}{section.6}% 304
\BOOKMARK [3][-]{subsubsection.6.9.1}{\376\377\000C\000D\000F}{subsection.6.9}% 305
\BOOKMARK [4][-]{paragraph.6.9.1.1}{\376\377\000C\000a\000l\000c\000o\000l\000a\000r\000e\000\040\000l\000e\000\040\000C\000D\000F\000\040\000m\000a\000r\000g\000i\000n\000a\000l\000i}{subsubsection.6.9.1}% 306
\BOOKMARK [3][-]{subsubsection.6.9.2}{\376\377\000P\000D\000F}{subsection.6.9}% 307
\BOOKMARK [3][-]{subsubsection.6.9.3}{\376\377\000C\000a\000l\000c\000o\000l\000o\000\040\000p\000r\000o\000b\000a\000b\000i\000l\000i\000t\000\340\000\040\000c\000o\000n\000\040\000P\000D\000F}{subsection.6.9}% 308
\BOOKMARK [3][-]{subsubsection.6.9.4}{\376\377\000C\000a\000l\000c\000o\000l\000o\000\040\000p\000r\000o\000b\000a\000b\000i\000l\000i\000t\000\340\000\040\000c\000o\000n\000\040\000p\000i\000\371\000\040\000v\000a\000l\000o\000r\000i}{subsection.6.9}% 309
\BOOKMARK [3][-]{subsubsection.6.9.5}{\376\377\000T\000r\000a\000s\000f\000o\000r\000m\000a\000z\000i\000o\000n\000i\000\040\000d\000i\000\040\000V\000.\000A\000\040\000i\000n\000d\000i\000p\000e\000n\000d\000e\000n\000t\000i}{subsection.6.9}% 310
\BOOKMARK [4][-]{paragraph.6.9.5.1}{\376\377\000D\000i\000m\000o\000s\000t\000r\000a\000z\000i\000o\000n\000e\000\040\000c\000a\000s\000o\000\040\000d\000i\000s\000c\000r\000e\000t\000o}{subsubsection.6.9.5}% 311
\BOOKMARK [3][-]{subsubsection.6.9.6}{\376\377\000P\000D\000F\000\040\000c\000o\000n\000d\000i\000z\000i\000o\000n\000a\000t\000a}{subsection.6.9}% 312
\BOOKMARK [3][-]{subsubsection.6.9.7}{\376\377\000P\000M\000F\000\040\000c\000o\000n\000d\000i\000z\000i\000o\000n\000a\000t\000a}{subsection.6.9}% 313
\BOOKMARK [2][-]{subsection.6.10}{\376\377\000T\000r\000a\000s\000f\000o\000r\000m\000a\000z\000i\000o\000n\000e\000\040\000d\000i\000\040\0001\000\040\000V\000.\000A\000\040\000D\000a\000t\000e\000\040\0002\000\040\000V\000.\000A}{section.6}% 314
\BOOKMARK [3][-]{subsubsection.6.10.1}{\376\377\000C\000a\000s\000o\000\040\000d\000i\000s\000c\000r\000e\000t\000o}{subsection.6.10}% 315
\BOOKMARK [4][-]{paragraph.6.10.1.1}{\376\377\000E\000s\000e\000m\000p\000i\000o}{subsubsection.6.10.1}% 316
\BOOKMARK [3][-]{subsubsection.6.10.2}{\376\377\000T\000e\000o\000r\000e\000m\000a\000\040\000d\000e\000l\000l\040\031\000a\000s\000p\000e\000t\000t\000a\000z\000i\000o\000n\000e\000\040\000c\000a\000s\000o\000\040\000d\000i\000s\000c\000r\000e\000t\000o}{subsection.6.10}% 317
\BOOKMARK [3][-]{subsubsection.6.10.3}{\376\377\000C\000D\000F\000\040\000c\000a\000s\000o\000\040\000d\000i\000s\000c\000r\000e\000t\000o}{subsection.6.10}% 318
\BOOKMARK [4][-]{paragraph.6.10.3.1}{\376\377\000E\000s\000e\000m\000p\000i\000o}{subsubsection.6.10.3}% 319
\BOOKMARK [3][-]{subsubsection.6.10.4}{\376\377\000C\000a\000s\000o\000\040\000c\000o\000n\000t\000i\000n\000u\000o}{subsection.6.10}% 320
\BOOKMARK [3][-]{subsubsection.6.10.5}{\376\377\000T\000e\000o\000r\000e\000m\000a\000\040\000d\000e\000l\000l\040\031\000a\000s\000p\000e\000t\000t\000a\000z\000i\000o\000n\000e\000\040\000c\000a\000s\000o\000\040\000c\000o\000n\000t\000i\000n\000u\000o}{subsection.6.10}% 321
\BOOKMARK [4][-]{paragraph.6.10.5.1}{\376\377\000E\000s\000e\000m\000p\000i\000o}{subsubsection.6.10.5}% 322
\BOOKMARK [2][-]{subsection.6.11}{\376\377\000T\000r\000a\000s\000f\000o\000r\000m\000a\000z\000i\000o\000n\000e\000\040\000d\000i\000\040\0002\000\040\000V\000.\000A\000\040\000D\000a\000t\000e\000\040\0002\000\040\000V\000.\000A}{section.6}% 323
\BOOKMARK [3][-]{subsubsection.6.11.1}{\376\377\000C\000a\000s\000o\000\040\000d\000i\000s\000c\000r\000e\000t\000o}{subsection.6.11}% 324
\BOOKMARK [3][-]{subsubsection.6.11.2}{\376\377\000C\000a\000s\000o\000\040\000c\000o\000n\000t\000i\000n\000u\000o\000\040\000\050\040\034\000M\000e\000t\000o\000d\000o\000\040\000G\000r\000a\000f\000i\000c\000o\040\035\000\051}{subsection.6.11}% 325
\BOOKMARK [3][-]{subsubsection.6.11.3}{\376\377\000T\000e\000o\000r\000e\000m\000a\000\040\000f\000o\000n\000d\000a\000m\000e\000n\000t\000a\000l\000e\000\040\000\050\000c\000a\000s\000o\000\040\000c\000o\000n\000t\000i\000n\000u\000o\000\051}{subsection.6.11}% 326
\BOOKMARK [4][-]{paragraph.6.11.3.1}{\376\377\000M\000e\000t\000o\000d\000o\000\040\000a\000l\000t\000e\000r\000n\000a\000t\000i\000v\000o\000\040\000p\000e\000r\000\040\000i\000l\000\040\000c\000a\000l\000c\000o\000l\000o\000\040\000d\000e\000l\000\040\000d\000e\000t\000e\000r\000m\000i\000n\000a\000n\000t\000e\000\040\000d\000e\000l\000l\000a\000\040\000m\000a\000t\000r\000i\000c\000e\000\040\000J\000a\000c\000o\000b\000i\000a\000n\000a}{subsubsection.6.11.3}% 327
\BOOKMARK [3][-]{subsubsection.6.11.4}{\376\377\000T\000e\000o\000r\000e\000m\000a\000\040\000f\000o\000n\000d\000a\000m\000e\000n\000t\000a\000l\000e\000\040\000c\000a\000s\000o\000\040\0001\000\040\000V\000.\000A\000\040\000d\000a\000\040\000t\000r\000a\000s\000f\000o\000r\000m\000a\000r\000e}{subsection.6.11}% 328
\BOOKMARK [4][-]{paragraph.6.11.4.1}{\376\377\000E\000s\000e\000m\000p\000i\000o}{subsubsection.6.11.4}% 329
\BOOKMARK [4][-]{paragraph.6.11.4.2}{\376\377\000E\000s\000e\000m\000p\000i\000o}{subsubsection.6.11.4}% 330
\BOOKMARK [4][-]{paragraph.6.11.4.3}{\376\377\000E\000s\000e\000m\000p\000i\000o}{subsubsection.6.11.4}% 331
\BOOKMARK [3][-]{subsubsection.6.11.5}{\376\377\000U\000t\000i\000l\000i\000z\000z\000o\000\040\000c\000o\000o\000r\000d\000i\000n\000a\000t\000e\000\040\000p\000o\000l\000a\000r\000i\000\040\000\050\000e\000s\000e\000m\000p\000i\000o\000\051}{subsection.6.11}% 332
\BOOKMARK [2][-]{subsection.6.12}{\376\377\000P\000r\000o\000p\000r\000i\000e\000t\000\340\000\040\000T\000e\000o\000r\000e\000m\000a\000\040\000D\000e\000l\000l\040\031\000A\000s\000p\000e\000t\000t\000a\000z\000i\000o\000n\000e\000\040\000p\000e\000r\000\040\000i\000\040\000V\000e\000t\000t\000o\000r\000i\000\040\000A\000l\000e\000a\000t\000o\000r\000i}{section.6}% 333
\BOOKMARK [3][-]{subsubsection.6.12.1}{\376\377\000D\000e\000f\000i\000n\000i\000z\000i\000o\000n\000e\000\040\000p\000e\000r\000\040\000t\000r\000a\000s\000f\000o\000r\000m\000a\000z\000i\000o\000n\000e\000\040\000d\000i\000\040\000u\000n\000a\000\040\000V\000.\000A}{subsection.6.12}% 334
\BOOKMARK [3][-]{subsubsection.6.12.2}{\376\377\000D\000e\000f\000i\000n\000i\000z\000i\000o\000n\000e\000\040\000p\000e\000r\000\040\000t\000r\000a\000s\000f\000o\000r\000m\000a\000z\000i\000o\000n\000e\000\040\000d\000i\000\040\000n\000\040\000V\000.\000A}{subsection.6.12}% 335
\BOOKMARK [3][-]{subsubsection.6.12.3}{\376\377\000L\000i\000n\000e\000a\000r\000i\000t\000\340}{subsection.6.12}% 336
\BOOKMARK [3][-]{subsubsection.6.12.4}{\376\377\000C\000a\000s\000o\000\040\0002\000\040\000V\000.\000A\000\040\000i\000n\000d\000i\000p\000e\000n\000d\000e\000n\000t\000i}{subsection.6.12}% 337
\BOOKMARK [4][-]{paragraph.6.12.4.1}{\376\377\000D\000i\000m\000o\000s\000t\000r\000a\000z\000i\000o\000n\000e}{subsubsection.6.12.4}% 338
\BOOKMARK [3][-]{subsubsection.6.12.5}{\376\377\000C\000a\000l\000c\000o\000l\000o\000\040\000v\000a\000r\000i\000a\000n\000z\000a\000\040\000c\000o\000n\000\040\0002\000\040\000V\000.\000A\000\040\000i\000n\000d\000i\000p\000e\000n\000d\000e\000n\000t\000i}{subsection.6.12}% 339
\BOOKMARK [4][-]{paragraph.6.12.5.1}{\376\377\000D\000i\000m\000o\000s\000t\000r\000a\000z\000i\000o\000n\000e}{subsubsection.6.12.5}% 340
\BOOKMARK [2][-]{subsection.6.13}{\376\377\000T\000e\000o\000r\000e\000m\000a\000\040\000d\000e\000l\000l\000a\000\040\000M\000e\000d\000i\000a\000\040\000C\000o\000n\000d\000i\000z\000i\000o\000n\000a\000t\000a}{section.6}% 341
\BOOKMARK [3][-]{subsubsection.6.13.1}{\376\377\000E\000n\000u\000n\000c\000i\000a\000t\000o}{subsection.6.13}% 342
\BOOKMARK [2][-]{subsection.6.14}{\376\377\000M\000o\000m\000e\000n\000t\000i\000\040\000d\000i\000\040\000V\000e\000t\000t\000o\000r\000i\000\040\000A\000l\000e\000a\000t\000o\000r\000i}{section.6}% 343
\BOOKMARK [3][-]{subsubsection.6.14.1}{\376\377\000M\000o\000m\000e\000n\000t\000i\000\040\000o\000r\000d\000i\000n\000a\000r\000i\000\040\000c\000o\000n\000g\000i\000u\000n\000t\000i}{subsection.6.14}% 344
\BOOKMARK [4][-]{paragraph.6.14.1.1}{\376\377\000C\000a\000s\000o\000\040\000d\000i\000s\000c\000r\000e\000t\000o}{subsubsection.6.14.1}% 345
\BOOKMARK [3][-]{subsubsection.6.14.2}{\376\377\000M\000o\000m\000e\000n\000t\000i\000\040\000c\000e\000n\000t\000r\000a\000l\000i\000\040\000c\000o\000n\000g\000i\000u\000n\000t\000i}{subsection.6.14}% 346
\BOOKMARK [4][-]{paragraph.6.14.2.1}{\376\377\000C\000a\000s\000o\000\040\000d\000i\000s\000c\000r\000e\000t\000o}{subsubsection.6.14.2}% 347
\BOOKMARK [3][-]{subsubsection.6.14.3}{\376\377\000M\000o\000m\000e\000n\000t\000i\000\040\000o\000r\000d\000i\000n\000a\000r\000i\000\040\000c\000o\000n\000g\000i\000u\000n\000t\000i\000\040\000d\000i\000\040\000o\000r\000d\000i\000n\000e\000\040\0001}{subsection.6.14}% 348
\BOOKMARK [3][-]{subsubsection.6.14.4}{\376\377\000M\000o\000m\000e\000n\000t\000i\000\040\000o\000r\000d\000i\000n\000a\000r\000i\000\040\000c\000o\000n\000g\000i\000u\000n\000t\000i\000\040\000d\000i\000\040\000o\000r\000d\000i\000n\000e\000\040\0002}{subsection.6.14}% 349
\BOOKMARK [4][-]{paragraph.6.14.4.1}{\376\377\000C\000o\000r\000r\000e\000l\000a\000z\000i\000o\000n\000e}{subsubsection.6.14.4}% 350
\BOOKMARK [4][-]{paragraph.6.14.4.2}{\376\377\000A\000l\000t\000r\000i\000\040\000m\000o\000m\000e\000n\000t\000i\000\040\000o\000r\000d\000i\000n\000a\000r\000i\000\040\000n\000o\000t\000i}{subsubsection.6.14.4}% 351
\BOOKMARK [3][-]{subsubsection.6.14.5}{\376\377\000M\000o\000m\000e\000n\000t\000i\000\040\000c\000e\000n\000t\000r\000a\000l\000i\000\040\000c\000o\000n\000g\000i\000u\000n\000t\000i\000\040\000d\000i\000\040\000o\000r\000d\000i\000n\000e\000\040\0002}{subsection.6.14}% 352
\BOOKMARK [4][-]{paragraph.6.14.5.1}{\376\377\000C\000o\000v\000a\000r\000i\000a\000n\000z\000a}{subsubsection.6.14.5}% 353
\BOOKMARK [4][-]{paragraph.6.14.5.2}{\376\377\000A\000l\000t\000r\000i\000\040\000m\000o\000m\000e\000n\000t\000i\000\040\000c\000e\000n\000t\000r\000a\000l\000i\000\040\000n\000o\000t\000i}{subsubsection.6.14.5}% 354
\BOOKMARK [3][-]{subsubsection.6.14.6}{\376\377\000I\000n\000c\000o\000r\000r\000e\000l\000a\000z\000i\000o\000n\000e\000\040\000e\000\040\000O\000r\000t\000o\000g\000o\000n\000a\000l\000i\000t\000\340}{subsection.6.14}% 355
\BOOKMARK [3][-]{subsubsection.6.14.7}{\376\377\000D\000e\000f\000i\000n\000i\000r\000e\000\040\000c\000o\000v\000a\000r\000i\000a\000n\000z\000a\000\040\000t\000r\000a\000m\000i\000t\000e\000\040\000c\000o\000r\000r\000e\000l\000a\000z\000i\000o\000n\000e\000\040\000u\000t\000i\000l\000i\000z\000z\000a\000n\000d\000o\000\040\000l\000o\000\040\000s\000c\000a\000r\000t\000o}{subsection.6.14}% 356
\BOOKMARK [4][-]{paragraph.6.14.7.1}{\376\377\000D\000i\000m\000o\000s\000t\000r\000a\000z\000i\000o\000n\000e}{subsubsection.6.14.7}% 357
\BOOKMARK [3][-]{subsubsection.6.14.8}{\376\377\000R\000e\000l\000a\000z\000i\000o\000n\000e\000\040\000f\000r\000a\000\040\000c\000o\000r\000r\000e\000l\000a\000z\000i\000o\000n\000e\000\040\000e\000\040\000c\000o\000v\000a\000r\000i\000a\000n\000z\000a}{subsection.6.14}% 358
\BOOKMARK [4][-]{paragraph.6.14.8.1}{\376\377\000D\000i\000m\000o\000s\000t\000r\000a\000z\000i\000o\000n\000e}{subsubsection.6.14.8}% 359
\BOOKMARK [3][-]{subsubsection.6.14.9}{\376\377\000P\000r\000o\000p\000r\000i\000e\000t\000\340\000\040\000c\000o\000r\000r\000e\000l\000a\000z\000i\000o\000n\000e\000\040\000p\000e\000r\000\040\000V\000.\000A\000\040\000i\000n\000d\000i\000p\000e\000n\000d\000e\000n\000t\000i}{subsection.6.14}% 360
\BOOKMARK [4][-]{paragraph.6.14.9.1}{\376\377\000D\000i\000m\000o\000s\000t\000r\000a\000z\000i\000o\000n\000e}{subsubsection.6.14.9}% 361
\BOOKMARK [4][-]{paragraph.6.14.9.2}{\376\377\000D\000i\000m\000o\000s\000t\000r\000a\000z\000i\000o\000n\000e}{subsubsection.6.14.9}% 362
\BOOKMARK [4][-]{paragraph.6.14.9.3}{\376\377\000D\000i\000m\000o\000s\000t\000r\000a\000z\000i\000o\000n\000e}{subsubsection.6.14.9}% 363
\BOOKMARK [3][-]{subsubsection.6.14.10}{\376\377\000D\000i\000s\000u\000g\000u\000a\000g\000l\000i\000a\000n\000z\000a\000\040\000\050\0004\000\051\000\040\000a\000p\000p\000l\000i\000c\000a\000t\000a\000\040\000a\000l\000l\000a\000\040\000c\000o\000v\000a\000r\000i\000a\000n\000z\000a}{subsection.6.14}% 364
\BOOKMARK [3][-]{subsubsection.6.14.11}{\376\377\000C\000o\000e\000f\000f\000i\000c\000i\000e\000n\000t\000e\000\040\000d\000i\000\040\000c\000o\000r\000r\000e\000l\000a\000z\000i\000o\000n\000e}{subsection.6.14}% 365
\BOOKMARK [4][-]{paragraph.6.14.11.1}{\376\377\000D\000i\000m\000o\000s\000t\000r\000a\000z\000i\000o\000n\000e\000\050\000-\0003\000m\000u\000\051}{subsubsection.6.14.11}% 366
\BOOKMARK [3][-]{subsubsection.6.14.12}{\376\377\000E\000s\000e\000m\000p\000i\000o\000\040\0001}{subsection.6.14}% 367
\BOOKMARK [3][-]{subsubsection.6.14.13}{\376\377\000E\000s\000e\000m\000p\000i\000o\000\040\0002}{subsection.6.14}% 368
\BOOKMARK [2][-]{subsection.6.15}{\376\377\000V\000e\000t\000t\000o\000r\000i\000\040\000A\000l\000e\000a\000t\000o\000r\000i\000\040\000d\000i\000\040\000n\000\040\000V\000.\000A}{section.6}% 369
\BOOKMARK [2][-]{subsection.6.16}{\376\377\000R\000e\000g\000o\000l\000e\000\040\000d\000i\000\040\000E\000l\000i\000m\000i\000n\000a\000z\000i\000o\000n\000e}{section.6}% 370
\BOOKMARK [2][-]{subsection.6.17}{\376\377\000P\000r\000o\000p\000r\000i\000e\000t\000\340\000\040\000d\000e\000i\000\040\000V\000e\000t\000t\000o\000r\000i\000\040\000A\000l\000e\000a\000t\000o\000r\000i\000\040\000G\000a\000u\000s\000s\000i\000a\000n\000i}{section.6}% 371
\BOOKMARK [2][-]{subsection.6.18}{\376\377\000V\000.\000A\000\040\000C\000o\000n\000g\000i\000u\000n\000t\000a\000m\000e\000n\000t\000e\000\040\000G\000a\000u\000s\000s\000i\000a\000n\000e}{section.6}% 372
\BOOKMARK [2][-]{subsection.6.19}{\376\377\000T\000e\000o\000r\000e\000m\000a\000\040\000d\000e\000l\000\040\000L\000i\000m\000i\000t\000e\000\040\000C\000e\000n\000t\000r\000a\000l\000e}{section.6}% 373
\BOOKMARK [3][-]{subsubsection.6.19.1}{\376\377\000L\000i\000m\000i\000t\000e\000\040\000c\000e\000n\000t\000r\000a\000l\000e\000\040\000c\000o\000m\000e\000\040\000c\000o\000n\000v\000o\000l\000u\000z\000i\000o\000n\000e}{subsection.6.19}% 374
\BOOKMARK [1][-]{section.7}{\376\377\000I\000n\000t\000r\000o\000d\000u\000z\000i\000o\000n\000e\000\040\000a\000l\000l\000a\000\040\000S\000t\000a\000t\000i\000s\000t\000i\000c\000a}{}% 375
\BOOKMARK [2][-]{subsection.7.1}{\376\377\000S\000t\000i\000m\000a}{section.7}% 376
\BOOKMARK [2][-]{subsection.7.2}{\376\377\000S\000t\000i\000m\000a\000t\000o\000r\000e}{section.7}% 377
\BOOKMARK [3][-]{subsubsection.7.2.1}{\376\377\000P\000r\000o\000p\000r\000i\000e\000t\000\340}{subsection.7.2}% 378
\BOOKMARK [2][-]{subsection.7.3}{\376\377\000S\000t\000i\000m\000a\000t\000o\000r\000e\000\040\000d\000e\000l\000l\000a\000\040\000m\000e\000d\000i\000a\000\040\000c\000a\000m\000p\000i\000o\000n\000e\000\040\000\050\000e\000s\000e\000m\000p\000i\000o\000\051}{section.7}% 379
\BOOKMARK [2][-]{subsection.7.4}{\376\377\000S\000t\000i\000m\000a\000t\000o\000r\000e\000\040\000d\000e\000l\000l\000a\000\040\000v\000a\000r\000i\000a\000n\000z\000a\000\040\000c\000a\000m\000p\000i\000o\000n\000e\000\040\000\050\000e\000s\000e\000m\000p\000i\000o\000\051}{section.7}% 380
